#! /usr/bin/vvp
:ivl_version "12.0 (stable)" "(v12_0-dirty)";
:ivl_delay_selection "TYPICAL";
:vpi_time_precision + 0;
:vpi_module "/usr/lib/ivl/system.vpi";
:vpi_module "/usr/lib/ivl/vhdl_sys.vpi";
:vpi_module "/usr/lib/ivl/vhdl_textio.vpi";
:vpi_module "/usr/lib/ivl/v2005_math.vpi";
:vpi_module "/usr/lib/ivl/va_math.vpi";
S_0x563f562ae600 .scope module, "adder8b_tb" "adder8b_tb" 2 1;
 .timescale 0 0;
v0x563f562d7b90_0 .var "A", 7 0;
v0x563f562d7c50_0 .var "B", 7 0;
v0x563f562d7d20_0 .net "S", 8 0, L_0x563f562db6d0;  1 drivers
v0x563f562d7e20_0 .var/i "count", 31 0;
v0x563f562d7ec0_0 .var/i "i", 31 0;
v0x563f562d7fa0_0 .var/i "j", 31 0;
S_0x563f562a64f0 .scope module, "u_adder8b" "adder8b" 2 7, 3 1 0, S_0x563f562ae600;
 .timescale 0 0;
    .port_info 0 /INPUT 8 "A";
    .port_info 1 /INPUT 8 "B";
    .port_info 2 /OUTPUT 9 "S";
v0x563f562d73e0_0 .net "A", 7 0, v0x563f562d7b90_0;  1 drivers
v0x563f562d74c0_0 .net "B", 7 0, v0x563f562d7c50_0;  1 drivers
v0x563f562d75a0_0 .net "S", 8 0, L_0x563f562db6d0;  alias, 1 drivers
v0x563f562d7660_0 .net "w10", 0 0, L_0x563f562dad60;  1 drivers
v0x563f562d7700_0 .net "w4", 0 0, L_0x563f562d8170;  1 drivers
v0x563f562d77f0_0 .net "w5", 0 0, L_0x563f562d88f0;  1 drivers
v0x563f562d7890_0 .net "w6", 0 0, L_0x563f562d8fd0;  1 drivers
v0x563f562d7930_0 .net "w7", 0 0, L_0x563f562d97e0;  1 drivers
v0x563f562d79d0_0 .net "w8", 0 0, L_0x563f562d9ee0;  1 drivers
v0x563f562d7a70_0 .net "w9", 0 0, L_0x563f562da5f0;  1 drivers
L_0x563f562d82c0 .part v0x563f562d7b90_0, 0, 1;
L_0x563f562d83b0 .part v0x563f562d7c50_0, 0, 1;
L_0x563f562d8a30 .part v0x563f562d7b90_0, 1, 1;
L_0x563f562d8b60 .part v0x563f562d7c50_0, 1, 1;
L_0x563f562d9110 .part v0x563f562d7b90_0, 2, 1;
L_0x563f562d92d0 .part v0x563f562d7c50_0, 2, 1;
L_0x563f562d9920 .part v0x563f562d7b90_0, 3, 1;
L_0x563f562d9a50 .part v0x563f562d7c50_0, 3, 1;
L_0x563f562da020 .part v0x563f562d7b90_0, 4, 1;
L_0x563f562da150 .part v0x563f562d7c50_0, 4, 1;
L_0x563f562da730 .part v0x563f562d7b90_0, 5, 1;
L_0x563f562da860 .part v0x563f562d7c50_0, 5, 1;
L_0x563f562daea0 .part v0x563f562d7b90_0, 6, 1;
L_0x563f562dafd0 .part v0x563f562d7c50_0, 6, 1;
L_0x563f562db3e0 .part v0x563f562d7b90_0, 7, 1;
L_0x563f562db510 .part v0x563f562d7c50_0, 7, 1;
LS_0x563f562db6d0_0_0 .concat8 [ 1 1 1 1], L_0x563f562d8080, L_0x563f562d86d0, L_0x563f562d8db0, L_0x563f562d9610;
LS_0x563f562db6d0_0_4 .concat8 [ 1 1 1 1], L_0x563f562d9d10, L_0x563f562da420, L_0x563f562dab40, L_0x563f562db1c0;
LS_0x563f562db6d0_0_8 .concat8 [ 1 0 0 0], L_0x563f562db350;
L_0x563f562db6d0 .concat8 [ 4 4 1 0], LS_0x563f562db6d0_0_0, LS_0x563f562db6d0_0_4, LS_0x563f562db6d0_0_8;
S_0x563f562ad9f0 .scope module, "u10" "fullAdder1b" 3 55, 4 1 0, S_0x563f562a64f0;
 .timescale 0 0;
    .port_info 0 /INPUT 1 "A";
    .port_info 1 /INPUT 1 "B";
    .port_info 2 /INPUT 1 "Cin";
    .port_info 3 /OUTPUT 1 "S";
    .port_info 4 /OUTPUT 1 "Cout";
L_0x563f562db350 .functor OR 1, L_0x563f562db130, L_0x563f562db2c0, C4<0>, C4<0>;
v0x563f562ce870_0 .net "A", 0 0, L_0x563f562db3e0;  1 drivers
v0x563f562ce930_0 .net "B", 0 0, L_0x563f562db510;  1 drivers
v0x563f562cea00_0 .net "Cin", 0 0, L_0x563f562dad60;  alias, 1 drivers
v0x563f562ceb00_0 .net "Cout", 0 0, L_0x563f562db350;  1 drivers
v0x563f562ceba0_0 .net "S", 0 0, L_0x563f562db1c0;  1 drivers
v0x563f562cec90_0 .net "w1", 0 0, L_0x563f562da990;  1 drivers
v0x563f562ced80_0 .net "w2", 0 0, L_0x563f562db130;  1 drivers
v0x563f562cee20_0 .net "w3", 0 0, L_0x563f562db2c0;  1 drivers
S_0x563f562ac670 .scope module, "u0" "halfAdder1b" 4 9, 5 1 0, S_0x563f562ad9f0;
 .timescale 0 0;
    .port_info 0 /INPUT 1 "A";
    .port_info 1 /INPUT 1 "B";
    .port_info 2 /OUTPUT 1 "S";
    .port_info 3 /OUTPUT 1 "Cout";
L_0x563f562da990 .functor XOR 1, L_0x563f562db3e0, L_0x563f562db510, C4<0>, C4<0>;
L_0x563f562db130 .functor AND 1, L_0x563f562db3e0, L_0x563f562db510, C4<1>, C4<1>;
v0x563f562aca20_0 .net "A", 0 0, L_0x563f562db3e0;  alias, 1 drivers
v0x563f562ab6a0_0 .net "B", 0 0, L_0x563f562db510;  alias, 1 drivers
v0x563f562aa320_0 .net "Cout", 0 0, L_0x563f562db130;  alias, 1 drivers
v0x563f562a8fa0_0 .net "S", 0 0, L_0x563f562da990;  alias, 1 drivers
S_0x563f562ce530 .scope module, "u1" "halfAdder1b" 4 15, 5 1 0, S_0x563f562ad9f0;
 .timescale 0 0;
    .port_info 0 /INPUT 1 "A";
    .port_info 1 /INPUT 1 "B";
    .port_info 2 /OUTPUT 1 "S";
    .port_info 3 /OUTPUT 1 "Cout";
L_0x563f562db1c0 .functor XOR 1, L_0x563f562da990, L_0x563f562dad60, C4<0>, C4<0>;
L_0x563f562db2c0 .functor AND 1, L_0x563f562da990, L_0x563f562dad60, C4<1>, C4<1>;
v0x563f562a7c20_0 .net "A", 0 0, L_0x563f562da990;  alias, 1 drivers
v0x563f562a68a0_0 .net "B", 0 0, L_0x563f562dad60;  alias, 1 drivers
v0x563f562a5510_0 .net "Cout", 0 0, L_0x563f562db2c0;  alias, 1 drivers
v0x563f562ce730_0 .net "S", 0 0, L_0x563f562db1c0;  alias, 1 drivers
S_0x563f562cef20 .scope module, "u3" "halfAdder1b" 3 7, 5 1 0, S_0x563f562a64f0;
 .timescale 0 0;
    .port_info 0 /INPUT 1 "A";
    .port_info 1 /INPUT 1 "B";
    .port_info 2 /OUTPUT 1 "S";
    .port_info 3 /OUTPUT 1 "Cout";
L_0x563f562d8080 .functor XOR 1, L_0x563f562d82c0, L_0x563f562d83b0, C4<0>, C4<0>;
L_0x563f562d8170 .functor AND 1, L_0x563f562d82c0, L_0x563f562d83b0, C4<1>, C4<1>;
v0x563f562cf170_0 .net "A", 0 0, L_0x563f562d82c0;  1 drivers
v0x563f562cf230_0 .net "B", 0 0, L_0x563f562d83b0;  1 drivers
v0x563f562cf2f0_0 .net "Cout", 0 0, L_0x563f562d8170;  alias, 1 drivers
v0x563f562cf3c0_0 .net "S", 0 0, L_0x563f562d8080;  1 drivers
S_0x563f562cf530 .scope module, "u4" "fullAdder1b" 3 13, 4 1 0, S_0x563f562a64f0;
 .timescale 0 0;
    .port_info 0 /INPUT 1 "A";
    .port_info 1 /INPUT 1 "B";
    .port_info 2 /INPUT 1 "Cin";
    .port_info 3 /OUTPUT 1 "S";
    .port_info 4 /OUTPUT 1 "Cout";
L_0x563f562d88f0 .functor OR 1, L_0x563f562d85f0, L_0x563f562d8860, C4<0>, C4<0>;
v0x563f562d03b0_0 .net "A", 0 0, L_0x563f562d8a30;  1 drivers
v0x563f562d0470_0 .net "B", 0 0, L_0x563f562d8b60;  1 drivers
v0x563f562d0540_0 .net "Cin", 0 0, L_0x563f562d8170;  alias, 1 drivers
v0x563f562d0660_0 .net "Cout", 0 0, L_0x563f562d88f0;  alias, 1 drivers
v0x563f562d0700_0 .net "S", 0 0, L_0x563f562d86d0;  1 drivers
v0x563f562d07f0_0 .net "w1", 0 0, L_0x563f562d84a0;  1 drivers
v0x563f562d08e0_0 .net "w2", 0 0, L_0x563f562d85f0;  1 drivers
v0x563f562d0980_0 .net "w3", 0 0, L_0x563f562d8860;  1 drivers
S_0x563f562cf740 .scope module, "u0" "halfAdder1b" 4 9, 5 1 0, S_0x563f562cf530;
 .timescale 0 0;
    .port_info 0 /INPUT 1 "A";
    .port_info 1 /INPUT 1 "B";
    .port_info 2 /OUTPUT 1 "S";
    .port_info 3 /OUTPUT 1 "Cout";
L_0x563f562d84a0 .functor XOR 1, L_0x563f562d8a30, L_0x563f562d8b60, C4<0>, C4<0>;
L_0x563f562d85f0 .functor AND 1, L_0x563f562d8a30, L_0x563f562d8b60, C4<1>, C4<1>;
v0x563f562cf9c0_0 .net "A", 0 0, L_0x563f562d8a30;  alias, 1 drivers
v0x563f562cfaa0_0 .net "B", 0 0, L_0x563f562d8b60;  alias, 1 drivers
v0x563f562cfb60_0 .net "Cout", 0 0, L_0x563f562d85f0;  alias, 1 drivers
v0x563f562cfc30_0 .net "S", 0 0, L_0x563f562d84a0;  alias, 1 drivers
S_0x563f562cfda0 .scope module, "u1" "halfAdder1b" 4 15, 5 1 0, S_0x563f562cf530;
 .timescale 0 0;
    .port_info 0 /INPUT 1 "A";
    .port_info 1 /INPUT 1 "B";
    .port_info 2 /OUTPUT 1 "S";
    .port_info 3 /OUTPUT 1 "Cout";
L_0x563f562d86d0 .functor XOR 1, L_0x563f562d84a0, L_0x563f562d8170, C4<0>, C4<0>;
L_0x563f562d8860 .functor AND 1, L_0x563f562d84a0, L_0x563f562d8170, C4<1>, C4<1>;
v0x563f562d0010_0 .net "A", 0 0, L_0x563f562d84a0;  alias, 1 drivers
v0x563f562d00e0_0 .net "B", 0 0, L_0x563f562d8170;  alias, 1 drivers
v0x563f562d01b0_0 .net "Cout", 0 0, L_0x563f562d8860;  alias, 1 drivers
v0x563f562d0280_0 .net "S", 0 0, L_0x563f562d86d0;  alias, 1 drivers
S_0x563f562d0a50 .scope module, "u5" "fullAdder1b" 3 20, 4 1 0, S_0x563f562a64f0;
 .timescale 0 0;
    .port_info 0 /INPUT 1 "A";
    .port_info 1 /INPUT 1 "B";
    .port_info 2 /INPUT 1 "Cin";
    .port_info 3 /OUTPUT 1 "S";
    .port_info 4 /OUTPUT 1 "Cout";
L_0x563f562d8fd0 .functor OR 1, L_0x563f562d8d20, L_0x563f562d8f40, C4<0>, C4<0>;
v0x563f562d18c0_0 .net "A", 0 0, L_0x563f562d9110;  1 drivers
v0x563f562d1980_0 .net "B", 0 0, L_0x563f562d92d0;  1 drivers
v0x563f562d1a50_0 .net "Cin", 0 0, L_0x563f562d88f0;  alias, 1 drivers
v0x563f562d1b70_0 .net "Cout", 0 0, L_0x563f562d8fd0;  alias, 1 drivers
v0x563f562d1c10_0 .net "S", 0 0, L_0x563f562d8db0;  1 drivers
v0x563f562d1d00_0 .net "w1", 0 0, L_0x563f562d8c90;  1 drivers
v0x563f562d1df0_0 .net "w2", 0 0, L_0x563f562d8d20;  1 drivers
v0x563f562d1e90_0 .net "w3", 0 0, L_0x563f562d8f40;  1 drivers
S_0x563f562d0c30 .scope module, "u0" "halfAdder1b" 4 9, 5 1 0, S_0x563f562d0a50;
 .timescale 0 0;
    .port_info 0 /INPUT 1 "A";
    .port_info 1 /INPUT 1 "B";
    .port_info 2 /OUTPUT 1 "S";
    .port_info 3 /OUTPUT 1 "Cout";
L_0x563f562d8c90 .functor XOR 1, L_0x563f562d9110, L_0x563f562d92d0, C4<0>, C4<0>;
L_0x563f562d8d20 .functor AND 1, L_0x563f562d9110, L_0x563f562d92d0, C4<1>, C4<1>;
v0x563f562d0ed0_0 .net "A", 0 0, L_0x563f562d9110;  alias, 1 drivers
v0x563f562d0fb0_0 .net "B", 0 0, L_0x563f562d92d0;  alias, 1 drivers
v0x563f562d1070_0 .net "Cout", 0 0, L_0x563f562d8d20;  alias, 1 drivers
v0x563f562d1140_0 .net "S", 0 0, L_0x563f562d8c90;  alias, 1 drivers
S_0x563f562d12b0 .scope module, "u1" "halfAdder1b" 4 15, 5 1 0, S_0x563f562d0a50;
 .timescale 0 0;
    .port_info 0 /INPUT 1 "A";
    .port_info 1 /INPUT 1 "B";
    .port_info 2 /OUTPUT 1 "S";
    .port_info 3 /OUTPUT 1 "Cout";
L_0x563f562d8db0 .functor XOR 1, L_0x563f562d8c90, L_0x563f562d88f0, C4<0>, C4<0>;
L_0x563f562d8f40 .functor AND 1, L_0x563f562d8c90, L_0x563f562d88f0, C4<1>, C4<1>;
v0x563f562d1520_0 .net "A", 0 0, L_0x563f562d8c90;  alias, 1 drivers
v0x563f562d15f0_0 .net "B", 0 0, L_0x563f562d88f0;  alias, 1 drivers
v0x563f562d16c0_0 .net "Cout", 0 0, L_0x563f562d8f40;  alias, 1 drivers
v0x563f562d1790_0 .net "S", 0 0, L_0x563f562d8db0;  alias, 1 drivers
S_0x563f562d1f60 .scope module, "u6" "fullAdder1b" 3 27, 4 1 0, S_0x563f562a64f0;
 .timescale 0 0;
    .port_info 0 /INPUT 1 "A";
    .port_info 1 /INPUT 1 "B";
    .port_info 2 /INPUT 1 "Cin";
    .port_info 3 /OUTPUT 1 "S";
    .port_info 4 /OUTPUT 1 "Cout";
L_0x563f562d97e0 .functor OR 1, L_0x563f562d9580, L_0x563f562d9750, C4<0>, C4<0>;
v0x563f562d2df0_0 .net "A", 0 0, L_0x563f562d9920;  1 drivers
v0x563f562d2eb0_0 .net "B", 0 0, L_0x563f562d9a50;  1 drivers
v0x563f562d2f80_0 .net "Cin", 0 0, L_0x563f562d8fd0;  alias, 1 drivers
v0x563f562d30a0_0 .net "Cout", 0 0, L_0x563f562d97e0;  alias, 1 drivers
v0x563f562d3140_0 .net "S", 0 0, L_0x563f562d9610;  1 drivers
v0x563f562d3230_0 .net "w1", 0 0, L_0x563f562d94d0;  1 drivers
v0x563f562d3320_0 .net "w2", 0 0, L_0x563f562d9580;  1 drivers
v0x563f562d33c0_0 .net "w3", 0 0, L_0x563f562d9750;  1 drivers
S_0x563f562d2190 .scope module, "u0" "halfAdder1b" 4 9, 5 1 0, S_0x563f562d1f60;
 .timescale 0 0;
    .port_info 0 /INPUT 1 "A";
    .port_info 1 /INPUT 1 "B";
    .port_info 2 /OUTPUT 1 "S";
    .port_info 3 /OUTPUT 1 "Cout";
L_0x563f562d94d0 .functor XOR 1, L_0x563f562d9920, L_0x563f562d9a50, C4<0>, C4<0>;
L_0x563f562d9580 .functor AND 1, L_0x563f562d9920, L_0x563f562d9a50, C4<1>, C4<1>;
v0x563f562d2400_0 .net "A", 0 0, L_0x563f562d9920;  alias, 1 drivers
v0x563f562d24e0_0 .net "B", 0 0, L_0x563f562d9a50;  alias, 1 drivers
v0x563f562d25a0_0 .net "Cout", 0 0, L_0x563f562d9580;  alias, 1 drivers
v0x563f562d2670_0 .net "S", 0 0, L_0x563f562d94d0;  alias, 1 drivers
S_0x563f562d27e0 .scope module, "u1" "halfAdder1b" 4 15, 5 1 0, S_0x563f562d1f60;
 .timescale 0 0;
    .port_info 0 /INPUT 1 "A";
    .port_info 1 /INPUT 1 "B";
    .port_info 2 /OUTPUT 1 "S";
    .port_info 3 /OUTPUT 1 "Cout";
L_0x563f562d9610 .functor XOR 1, L_0x563f562d94d0, L_0x563f562d8fd0, C4<0>, C4<0>;
L_0x563f562d9750 .functor AND 1, L_0x563f562d94d0, L_0x563f562d8fd0, C4<1>, C4<1>;
v0x563f562d2a50_0 .net "A", 0 0, L_0x563f562d94d0;  alias, 1 drivers
v0x563f562d2b20_0 .net "B", 0 0, L_0x563f562d8fd0;  alias, 1 drivers
v0x563f562d2bf0_0 .net "Cout", 0 0, L_0x563f562d9750;  alias, 1 drivers
v0x563f562d2cc0_0 .net "S", 0 0, L_0x563f562d9610;  alias, 1 drivers
S_0x563f562d3490 .scope module, "u7" "fullAdder1b" 3 34, 4 1 0, S_0x563f562a64f0;
 .timescale 0 0;
    .port_info 0 /INPUT 1 "A";
    .port_info 1 /INPUT 1 "B";
    .port_info 2 /INPUT 1 "Cin";
    .port_info 3 /OUTPUT 1 "S";
    .port_info 4 /OUTPUT 1 "Cout";
L_0x563f562d9ee0 .functor OR 1, L_0x563f562d9c80, L_0x563f562d9e50, C4<0>, C4<0>;
v0x563f562d4300_0 .net "A", 0 0, L_0x563f562da020;  1 drivers
v0x563f562d43c0_0 .net "B", 0 0, L_0x563f562da150;  1 drivers
v0x563f562d4490_0 .net "Cin", 0 0, L_0x563f562d97e0;  alias, 1 drivers
v0x563f562d45b0_0 .net "Cout", 0 0, L_0x563f562d9ee0;  alias, 1 drivers
v0x563f562d4650_0 .net "S", 0 0, L_0x563f562d9d10;  1 drivers
v0x563f562d4740_0 .net "w1", 0 0, L_0x563f562d9bd0;  1 drivers
v0x563f562d4830_0 .net "w2", 0 0, L_0x563f562d9c80;  1 drivers
v0x563f562d48d0_0 .net "w3", 0 0, L_0x563f562d9e50;  1 drivers
S_0x563f562d3670 .scope module, "u0" "halfAdder1b" 4 9, 5 1 0, S_0x563f562d3490;
 .timescale 0 0;
    .port_info 0 /INPUT 1 "A";
    .port_info 1 /INPUT 1 "B";
    .port_info 2 /OUTPUT 1 "S";
    .port_info 3 /OUTPUT 1 "Cout";
L_0x563f562d9bd0 .functor XOR 1, L_0x563f562da020, L_0x563f562da150, C4<0>, C4<0>;
L_0x563f562d9c80 .functor AND 1, L_0x563f562da020, L_0x563f562da150, C4<1>, C4<1>;
v0x563f562d3910_0 .net "A", 0 0, L_0x563f562da020;  alias, 1 drivers
v0x563f562d39f0_0 .net "B", 0 0, L_0x563f562da150;  alias, 1 drivers
v0x563f562d3ab0_0 .net "Cout", 0 0, L_0x563f562d9c80;  alias, 1 drivers
v0x563f562d3b80_0 .net "S", 0 0, L_0x563f562d9bd0;  alias, 1 drivers
S_0x563f562d3cf0 .scope module, "u1" "halfAdder1b" 4 15, 5 1 0, S_0x563f562d3490;
 .timescale 0 0;
    .port_info 0 /INPUT 1 "A";
    .port_info 1 /INPUT 1 "B";
    .port_info 2 /OUTPUT 1 "S";
    .port_info 3 /OUTPUT 1 "Cout";
L_0x563f562d9d10 .functor XOR 1, L_0x563f562d9bd0, L_0x563f562d97e0, C4<0>, C4<0>;
L_0x563f562d9e50 .functor AND 1, L_0x563f562d9bd0, L_0x563f562d97e0, C4<1>, C4<1>;
v0x563f562d3f60_0 .net "A", 0 0, L_0x563f562d9bd0;  alias, 1 drivers
v0x563f562d4030_0 .net "B", 0 0, L_0x563f562d97e0;  alias, 1 drivers
v0x563f562d4100_0 .net "Cout", 0 0, L_0x563f562d9e50;  alias, 1 drivers
v0x563f562d41d0_0 .net "S", 0 0, L_0x563f562d9d10;  alias, 1 drivers
S_0x563f562d49a0 .scope module, "u8" "fullAdder1b" 3 41, 4 1 0, S_0x563f562a64f0;
 .timescale 0 0;
    .port_info 0 /INPUT 1 "A";
    .port_info 1 /INPUT 1 "B";
    .port_info 2 /INPUT 1 "Cin";
    .port_info 3 /OUTPUT 1 "S";
    .port_info 4 /OUTPUT 1 "Cout";
L_0x563f562da5f0 .functor OR 1, L_0x563f562da390, L_0x563f562da560, C4<0>, C4<0>;
v0x563f562d5810_0 .net "A", 0 0, L_0x563f562da730;  1 drivers
v0x563f562d58d0_0 .net "B", 0 0, L_0x563f562da860;  1 drivers
v0x563f562d59a0_0 .net "Cin", 0 0, L_0x563f562d9ee0;  alias, 1 drivers
v0x563f562d5ac0_0 .net "Cout", 0 0, L_0x563f562da5f0;  alias, 1 drivers
v0x563f562d5b60_0 .net "S", 0 0, L_0x563f562da420;  1 drivers
v0x563f562d5c50_0 .net "w1", 0 0, L_0x563f562da2e0;  1 drivers
v0x563f562d5d40_0 .net "w2", 0 0, L_0x563f562da390;  1 drivers
v0x563f562d5de0_0 .net "w3", 0 0, L_0x563f562da560;  1 drivers
S_0x563f562d4b80 .scope module, "u0" "halfAdder1b" 4 9, 5 1 0, S_0x563f562d49a0;
 .timescale 0 0;
    .port_info 0 /INPUT 1 "A";
    .port_info 1 /INPUT 1 "B";
    .port_info 2 /OUTPUT 1 "S";
    .port_info 3 /OUTPUT 1 "Cout";
L_0x563f562da2e0 .functor XOR 1, L_0x563f562da730, L_0x563f562da860, C4<0>, C4<0>;
L_0x563f562da390 .functor AND 1, L_0x563f562da730, L_0x563f562da860, C4<1>, C4<1>;
v0x563f562d4e20_0 .net "A", 0 0, L_0x563f562da730;  alias, 1 drivers
v0x563f562d4f00_0 .net "B", 0 0, L_0x563f562da860;  alias, 1 drivers
v0x563f562d4fc0_0 .net "Cout", 0 0, L_0x563f562da390;  alias, 1 drivers
v0x563f562d5090_0 .net "S", 0 0, L_0x563f562da2e0;  alias, 1 drivers
S_0x563f562d5200 .scope module, "u1" "halfAdder1b" 4 15, 5 1 0, S_0x563f562d49a0;
 .timescale 0 0;
    .port_info 0 /INPUT 1 "A";
    .port_info 1 /INPUT 1 "B";
    .port_info 2 /OUTPUT 1 "S";
    .port_info 3 /OUTPUT 1 "Cout";
L_0x563f562da420 .functor XOR 1, L_0x563f562da2e0, L_0x563f562d9ee0, C4<0>, C4<0>;
L_0x563f562da560 .functor AND 1, L_0x563f562da2e0, L_0x563f562d9ee0, C4<1>, C4<1>;
v0x563f562d5470_0 .net "A", 0 0, L_0x563f562da2e0;  alias, 1 drivers
v0x563f562d5540_0 .net "B", 0 0, L_0x563f562d9ee0;  alias, 1 drivers
v0x563f562d5610_0 .net "Cout", 0 0, L_0x563f562da560;  alias, 1 drivers
v0x563f562d56e0_0 .net "S", 0 0, L_0x563f562da420;  alias, 1 drivers
S_0x563f562d5eb0 .scope module, "u9" "fullAdder1b" 3 48, 4 1 0, S_0x563f562a64f0;
 .timescale 0 0;
    .port_info 0 /INPUT 1 "A";
    .port_info 1 /INPUT 1 "B";
    .port_info 2 /INPUT 1 "Cin";
    .port_info 3 /OUTPUT 1 "S";
    .port_info 4 /OUTPUT 1 "Cout";
L_0x563f562dad60 .functor OR 1, L_0x563f562daab0, L_0x563f562dacd0, C4<0>, C4<0>;
v0x563f562d6d20_0 .net "A", 0 0, L_0x563f562daea0;  1 drivers
v0x563f562d6de0_0 .net "B", 0 0, L_0x563f562dafd0;  1 drivers
v0x563f562d6eb0_0 .net "Cin", 0 0, L_0x563f562da5f0;  alias, 1 drivers
v0x563f562d6fd0_0 .net "Cout", 0 0, L_0x563f562dad60;  alias, 1 drivers
v0x563f562d70c0_0 .net "S", 0 0, L_0x563f562dab40;  1 drivers
v0x563f562d71b0_0 .net "w1", 0 0, L_0x563f562daa00;  1 drivers
v0x563f562d72a0_0 .net "w2", 0 0, L_0x563f562daab0;  1 drivers
v0x563f562d7340_0 .net "w3", 0 0, L_0x563f562dacd0;  1 drivers
S_0x563f562d6090 .scope module, "u0" "halfAdder1b" 4 9, 5 1 0, S_0x563f562d5eb0;
 .timescale 0 0;
    .port_info 0 /INPUT 1 "A";
    .port_info 1 /INPUT 1 "B";
    .port_info 2 /OUTPUT 1 "S";
    .port_info 3 /OUTPUT 1 "Cout";
L_0x563f562daa00 .functor XOR 1, L_0x563f562daea0, L_0x563f562dafd0, C4<0>, C4<0>;
L_0x563f562daab0 .functor AND 1, L_0x563f562daea0, L_0x563f562dafd0, C4<1>, C4<1>;
v0x563f562d6330_0 .net "A", 0 0, L_0x563f562daea0;  alias, 1 drivers
v0x563f562d6410_0 .net "B", 0 0, L_0x563f562dafd0;  alias, 1 drivers
v0x563f562d64d0_0 .net "Cout", 0 0, L_0x563f562daab0;  alias, 1 drivers
v0x563f562d65a0_0 .net "S", 0 0, L_0x563f562daa00;  alias, 1 drivers
S_0x563f562d6710 .scope module, "u1" "halfAdder1b" 4 15, 5 1 0, S_0x563f562d5eb0;
 .timescale 0 0;
    .port_info 0 /INPUT 1 "A";
    .port_info 1 /INPUT 1 "B";
    .port_info 2 /OUTPUT 1 "S";
    .port_info 3 /OUTPUT 1 "Cout";
L_0x563f562dab40 .functor XOR 1, L_0x563f562daa00, L_0x563f562da5f0, C4<0>, C4<0>;
L_0x563f562dacd0 .functor AND 1, L_0x563f562daa00, L_0x563f562da5f0, C4<1>, C4<1>;
v0x563f562d6980_0 .net "A", 0 0, L_0x563f562daa00;  alias, 1 drivers
v0x563f562d6a50_0 .net "B", 0 0, L_0x563f562da5f0;  alias, 1 drivers
v0x563f562d6b20_0 .net "Cout", 0 0, L_0x563f562dacd0;  alias, 1 drivers
v0x563f562d6bf0_0 .net "S", 0 0, L_0x563f562dab40;  alias, 1 drivers
    .scope S_0x563f562ae600;
T_0 ;
    %pushi/vec4 0, 0, 32;
    %store/vec4 v0x563f562d7e20_0, 0, 32;
    %end;
    .thread T_0;
    .scope S_0x563f562ae600;
T_1 ;
    %vpi_call 2 14 "$dumpfile", "adder4b.vcd" {0 0 0};
    %vpi_call 2 15 "$dumpvars" {0 0 0};
    %vpi_call 2 16 "$monitor", "%b + %b = %b", v0x563f562d7b90_0, v0x563f562d7c50_0, v0x563f562d7d20_0 {0 0 0};
    %pushi/vec4 0, 0, 32;
    %store/vec4 v0x563f562d7ec0_0, 0, 32;
T_1.0 ;
    %load/vec4 v0x563f562d7ec0_0;
    %cmpi/s 256, 0, 32;
    %jmp/0xz T_1.1, 5;
    %pushi/vec4 0, 0, 32;
    %store/vec4 v0x563f562d7fa0_0, 0, 32;
T_1.2 ;
    %load/vec4 v0x563f562d7fa0_0;
    %cmpi/s 256, 0, 32;
    %jmp/0xz T_1.3, 5;
    %delay 1, 0;
    %load/vec4 v0x563f562d7b90_0;
    %pad/u 9;
    %load/vec4 v0x563f562d7c50_0;
    %pad/u 9;
    %add;
    %load/vec4 v0x563f562d7d20_0;
    %cmp/ne;
    %jmp/0xz  T_1.4, 6;
    ; show_stmt_assign_vector: Get l-value for compressed += operand
    %load/vec4 v0x563f562d7e20_0;
    %pushi/vec4 1, 0, 32;
    %add;
    %store/vec4 v0x563f562d7e20_0, 0, 32;
    %load/vec4 v0x563f562d7b90_0;
    %load/vec4 v0x563f562d7c50_0;
    %add;
    %vpi_call 2 22 "$display", "%b + %b = %b --> should be %b", v0x563f562d7b90_0, v0x563f562d7c50_0, v0x563f562d7d20_0, S<0,vec4,u8> {1 0 0};
T_1.4 ;
    %load/vec4 v0x563f562d7ec0_0;
    %pad/s 8;
    %store/vec4 v0x563f562d7b90_0, 0, 8;
    %load/vec4 v0x563f562d7fa0_0;
    %pad/s 8;
    %store/vec4 v0x563f562d7c50_0, 0, 8;
    ; show_stmt_assign_vector: Get l-value for compressed += operand
    %load/vec4 v0x563f562d7fa0_0;
    %pushi/vec4 1, 0, 32;
    %add;
    %store/vec4 v0x563f562d7fa0_0, 0, 32;
    %jmp T_1.2;
T_1.3 ;
    ; show_stmt_assign_vector: Get l-value for compressed += operand
    %load/vec4 v0x563f562d7ec0_0;
    %pushi/vec4 1, 0, 32;
    %add;
    %store/vec4 v0x563f562d7ec0_0, 0, 32;
    %jmp T_1.0;
T_1.1 ;
    %load/vec4 v0x563f562d7e20_0;
    %cmpi/s 0, 0, 32;
    %flag_or 5, 4;
    %jmp/0xz  T_1.6, 5;
    %vpi_call 2 29 "$display", "No error, module working as expected" {0 0 0};
    %jmp T_1.7;
T_1.6 ;
    %pushi/vec4 0, 0, 32;
    %load/vec4 v0x563f562d7e20_0;
    %cmp/s;
    %flag_get/vec4 5;
    %vpi_call 2 31 "$display", "(%d) -> %d <- Error, module not working as expected", v0x563f562d7e20_0, S<0,vec4,u1> {1 0 0};
T_1.7 ;
    %vpi_call 2 32 "$finish" {0 0 0};
    %end;
    .thread T_1;
# The file index is used to find the file name in the following table.
:file_names 6;
    "N/A";
    "<interactive>";
    "adder8b_tb.v";
    "adder8b.v";
    "fullAdder1b.v";
    "halfAdder1b.v";
