#! /usr/bin/vvp
:ivl_version "12.0 (stable)" "(v12_0-dirty)";
:ivl_delay_selection "TYPICAL";
:vpi_time_precision + 0;
:vpi_module "/usr/lib/ivl/system.vpi";
:vpi_module "/usr/lib/ivl/vhdl_sys.vpi";
:vpi_module "/usr/lib/ivl/vhdl_textio.vpi";
:vpi_module "/usr/lib/ivl/v2005_math.vpi";
:vpi_module "/usr/lib/ivl/va_math.vpi";
S_0x56534dc28990 .scope module, "multiplicador_tb" "multiplicador_tb" 2 1;
 .timescale 0 0;
P_0x56534dbf9620 .param/l "N" 0 2 1, +C4<00000000000000000000000000001000>;
L_0x56534dc5d990 .functor BUFZ 8, v0x56534dc4c4e0_0, C4<00000000>, C4<00000000>, C4<00000000>;
L_0x56534dc5dae0 .functor BUFZ 8, v0x56534dc4c5c0_0, C4<00000000>, C4<00000000>, C4<00000000>;
v0x56534dc4bda0_0 .net "B_in", 7 0, L_0x56534dc5d990;  1 drivers
v0x56534dc4be80_0 .net "P_out", 15 0, L_0x56534dc5d510;  1 drivers
v0x56534dc4bf90_0 .net "Q_in", 7 0, L_0x56534dc5dae0;  1 drivers
L_0x7fd4eea922e8 .functor BUFT 1, C4<00000000>, C4<0>, C4<0>, C4<0>;
v0x56534dc4c030_0 .net *"_ivl_11", 7 0, L_0x7fd4eea922e8;  1 drivers
v0x56534dc4c110_0 .net *"_ivl_4", 15 0, L_0x56534dc5dbe0;  1 drivers
L_0x7fd4eea922a0 .functor BUFT 1, C4<00000000>, C4<0>, C4<0>, C4<0>;
v0x56534dc4c240_0 .net *"_ivl_7", 7 0, L_0x7fd4eea922a0;  1 drivers
v0x56534dc4c320_0 .net *"_ivl_8", 15 0, L_0x56534dc5dc80;  1 drivers
v0x56534dc4c400_0 .var/i "acertos", 31 0;
v0x56534dc4c4e0_0 .var "ai", 7 0;
v0x56534dc4c5c0_0 .var "bi", 7 0;
v0x56534dc4c6a0_0 .var "clk", 0 0;
v0x56534dc4c740_0 .net "done", 0 0, v0x56534dc4a6a0_0;  1 drivers
v0x56534dc4c7e0_0 .var/i "erros", 31 0;
v0x56534dc4c8c0_0 .var "rst", 0 0;
v0x56534dc4c960_0 .net "se", 15 0, L_0x56534dc5ddc0;  1 drivers
v0x56534dc4ca40_0 .var "start", 0 0;
v0x56534dc4cb30_0 .var/i "testes", 31 0;
L_0x56534dc5dbe0 .concat [ 8 8 0 0], v0x56534dc4c4e0_0, L_0x7fd4eea922a0;
L_0x56534dc5dc80 .concat [ 8 8 0 0], v0x56534dc4c5c0_0, L_0x7fd4eea922e8;
L_0x56534dc5ddc0 .arith/mult 16, L_0x56534dc5dbe0, L_0x56534dc5dc80;
S_0x56534dbf9670 .scope module, "dut" "multiplicador" 2 11, 3 1 0, S_0x56534dc28990;
 .timescale 0 0;
    .port_info 0 /INPUT 1 "clk";
    .port_info 1 /INPUT 1 "rst";
    .port_info 2 /INPUT 1 "start";
    .port_info 3 /OUTPUT 1 "done";
    .port_info 4 /INPUT 8 "B_in";
    .port_info 5 /INPUT 8 "Q_in";
    .port_info 6 /OUTPUT 16 "P_out";
P_0x56534dbf9850 .param/l "WIDTH" 0 3 2, +C4<00000000000000000000000000001000>;
v0x56534dc4af40_0 .net "B_in", 7 0, L_0x56534dc5d990;  alias, 1 drivers
v0x56534dc4b020_0 .net "P_out", 15 0, L_0x56534dc5d510;  alias, 1 drivers
v0x56534dc4b0e0_0 .net "Q_in", 7 0, L_0x56534dc5dae0;  alias, 1 drivers
v0x56534dc4b1d0_0 .net "a_en", 0 0, v0x56534dc49f30_0;  1 drivers
v0x56534dc4b270_0 .net "a_ld", 0 0, v0x56534dc49ff0_0;  1 drivers
v0x56534dc4b360_0 .net "a_rst", 0 0, v0x56534dc4a100_0;  1 drivers
v0x56534dc4b400_0 .net "b_en", 0 0, v0x56534dc4a1f0_0;  1 drivers
v0x56534dc4b4a0_0 .net "b_ld", 0 0, v0x56534dc4a2e0_0;  1 drivers
v0x56534dc4b540_0 .net "clk", 0 0, v0x56534dc4c6a0_0;  1 drivers
v0x56534dc4b5e0_0 .net "cnt_en", 0 0, v0x56534dc4a4c0_0;  1 drivers
v0x56534dc4b680_0 .net "cnt_ld", 0 0, v0x56534dc4a5b0_0;  1 drivers
v0x56534dc4b720_0 .net "done", 0 0, v0x56534dc4a6a0_0;  alias, 1 drivers
v0x56534dc4b7c0_0 .net "q_en", 0 0, v0x56534dc4a800_0;  1 drivers
v0x56534dc4b860_0 .net "q_ld", 0 0, v0x56534dc4a8a0_0;  1 drivers
v0x56534dc4b900_0 .net "qlsb", 0 0, L_0x56534dc5d5b0;  1 drivers
v0x56534dc4b9a0_0 .net "rst", 0 0, v0x56534dc4c8c0_0;  1 drivers
v0x56534dc4ba40_0 .net "start", 0 0, v0x56534dc4ca40_0;  1 drivers
v0x56534dc4bbf0_0 .net "zero", 0 0, L_0x56534dc5d810;  1 drivers
S_0x56534dbfde90 .scope module, "fd" "multiplicador_fd" 3 20, 4 1 0, S_0x56534dbf9670;
 .timescale 0 0;
    .port_info 0 /INPUT 1 "clk";
    .port_info 1 /INPUT 1 "rst";
    .port_info 2 /INPUT 1 "a_rst";
    .port_info 3 /INPUT 1 "a_en";
    .port_info 4 /INPUT 1 "b_en";
    .port_info 5 /INPUT 1 "q_en";
    .port_info 6 /INPUT 1 "cnt_en";
    .port_info 7 /INPUT 1 "a_ld";
    .port_info 8 /INPUT 1 "b_ld";
    .port_info 9 /INPUT 1 "q_ld";
    .port_info 10 /INPUT 1 "cnt_ld";
    .port_info 11 /OUTPUT 1 "qlsb";
    .port_info 12 /OUTPUT 1 "zero";
    .port_info 13 /INPUT 8 "B_in";
    .port_info 14 /INPUT 8 "Q_in";
    .port_info 15 /OUTPUT 16 "P_out";
P_0x56534dbfe070 .param/l "WIDTH" 0 4 2, +C4<00000000000000000000000000001000>;
v0x56534dc48670_0 .net "B_in", 7 0, L_0x56534dc5d990;  alias, 1 drivers
v0x56534dc48750_0 .net "P_out", 15 0, L_0x56534dc5d510;  alias, 1 drivers
v0x56534dc48810_0 .net "Q_in", 7 0, L_0x56534dc5dae0;  alias, 1 drivers
L_0x7fd4eea92138 .functor BUFT 1, C4<00000000000000000000000000000111>, C4<0>, C4<0>, C4<0>;
v0x56534dc488e0_0 .net/2s *"_ivl_0", 31 0, L_0x7fd4eea92138;  1 drivers
v0x56534dc489a0_0 .net *"_ivl_14", 31 0, L_0x56534dc5d6e0;  1 drivers
L_0x7fd4eea92210 .functor BUFT 1, C4<00000000000000000000000000000>, C4<0>, C4<0>, C4<0>;
v0x56534dc48ad0_0 .net *"_ivl_17", 28 0, L_0x7fd4eea92210;  1 drivers
L_0x7fd4eea92258 .functor BUFT 1, C4<00000000000000000000000000000000>, C4<0>, C4<0>, C4<0>;
v0x56534dc48bb0_0 .net/2u *"_ivl_18", 31 0, L_0x7fd4eea92258;  1 drivers
v0x56534dc48c90_0 .net "a_en", 0 0, v0x56534dc49f30_0;  alias, 1 drivers
v0x56534dc48d30_0 .net "a_ld", 0 0, v0x56534dc49ff0_0;  alias, 1 drivers
v0x56534dc48e00_0 .net "a_rst", 0 0, v0x56534dc4a100_0;  alias, 1 drivers
v0x56534dc48ed0_0 .net "b_en", 0 0, v0x56534dc4a1f0_0;  alias, 1 drivers
v0x56534dc48fa0_0 .net "b_ld", 0 0, v0x56534dc4a2e0_0;  alias, 1 drivers
v0x56534dc49070_0 .net "clk", 0 0, v0x56534dc4c6a0_0;  alias, 1 drivers
v0x56534dc491a0_0 .net "cnt_en", 0 0, v0x56534dc4a4c0_0;  alias, 1 drivers
v0x56534dc49270_0 .net "cnt_ld", 0 0, v0x56534dc4a5b0_0;  alias, 1 drivers
v0x56534dc49340_0 .net "inA", 7 0, L_0x56534dc5d8f0;  1 drivers
v0x56534dc49410_0 .net "outA", 7 0, v0x56534dc45e30_0;  1 drivers
v0x56534dc494e0_0 .net "outB", 7 0, v0x56534dc468f0_0;  1 drivers
v0x56534dc495b0_0 .net "outCounter", 2 0, L_0x56534dbe3240;  1 drivers
v0x56534dc49680_0 .net "outQ", 7 0, v0x56534dc473b0_0;  1 drivers
v0x56534dc49750_0 .net "q_en", 0 0, v0x56534dc4a800_0;  alias, 1 drivers
v0x56534dc49820_0 .net "q_ld", 0 0, v0x56534dc4a8a0_0;  alias, 1 drivers
v0x56534dc498f0_0 .net "qlsb", 0 0, L_0x56534dc5d5b0;  alias, 1 drivers
v0x56534dc49990_0 .net "rst", 0 0, v0x56534dc4c8c0_0;  alias, 1 drivers
v0x56534dc49a30_0 .net "zero", 0 0, L_0x56534dc5d810;  alias, 1 drivers
L_0x56534dc5d220 .part L_0x7fd4eea92138, 0, 3;
L_0x56534dc5d470 .part v0x56534dc45e30_0, 0, 1;
L_0x56534dc5d510 .concat [ 8 8 0 0], v0x56534dc473b0_0, v0x56534dc45e30_0;
L_0x56534dc5d5b0 .part v0x56534dc473b0_0, 0, 1;
L_0x56534dc5d6e0 .concat [ 3 29 0 0], L_0x56534dbe3240, L_0x7fd4eea92210;
L_0x56534dc5d810 .cmp/eq 32, L_0x56534dc5d6e0, L_0x7fd4eea92258;
L_0x56534dc5d8f0 .arith/sum 8, v0x56534dc468f0_0, v0x56534dc45e30_0;
S_0x56534dbf4220 .scope module, "A" "shiftr_reg" 4 34, 5 4 0, S_0x56534dbfde90;
 .timescale 0 0;
    .port_info 0 /INPUT 1 "clk";
    .port_info 1 /INPUT 1 "rst";
    .port_info 2 /INPUT 1 "en";
    .port_info 3 /INPUT 1 "load";
    .port_info 4 /INPUT 1 "si";
    .port_info 5 /INPUT 8 "d";
    .port_info 6 /OUTPUT 8 "q";
P_0x56534dbf4400 .param/l "WIDTH" 0 5 5, +C4<00000000000000000000000000001000>;
v0x56534dbf0670_0 .net "clk", 0 0, v0x56534dc4c6a0_0;  alias, 1 drivers
v0x56534dbf2100_0 .net "d", 7 0, L_0x56534dc5d8f0;  alias, 1 drivers
v0x56534dc252c0_0 .net "en", 0 0, v0x56534dc49f30_0;  alias, 1 drivers
v0x56534dc25360_0 .net "load", 0 0, v0x56534dc49ff0_0;  alias, 1 drivers
v0x56534dc45b80_0 .net "q", 7 0, v0x56534dc45e30_0;  alias, 1 drivers
v0x56534dc45cb0_0 .net "rst", 0 0, v0x56534dc4a100_0;  alias, 1 drivers
L_0x7fd4eea921c8 .functor BUFT 1, C4<0>, C4<0>, C4<0>, C4<0>;
v0x56534dc45d70_0 .net "si", 0 0, L_0x7fd4eea921c8;  1 drivers
v0x56534dc45e30_0 .var "sreg", 7 0;
E_0x56534dc16c80 .event posedge, v0x56534dc45cb0_0, v0x56534dbf0670_0;
S_0x56534dc45ff0 .scope module, "B" "shiftr_reg" 4 25, 5 4 0, S_0x56534dbfde90;
 .timescale 0 0;
    .port_info 0 /INPUT 1 "clk";
    .port_info 1 /INPUT 1 "rst";
    .port_info 2 /INPUT 1 "en";
    .port_info 3 /INPUT 1 "load";
    .port_info 4 /INPUT 1 "si";
    .port_info 5 /INPUT 8 "d";
    .port_info 6 /OUTPUT 8 "q";
P_0x56534dc461f0 .param/l "WIDTH" 0 5 5, +C4<00000000000000000000000000001000>;
v0x56534dc46360_0 .net "clk", 0 0, v0x56534dc4c6a0_0;  alias, 1 drivers
v0x56534dc46420_0 .net "d", 7 0, L_0x56534dc5d990;  alias, 1 drivers
v0x56534dc464e0_0 .net "en", 0 0, v0x56534dc4a1f0_0;  alias, 1 drivers
v0x56534dc46580_0 .net "load", 0 0, v0x56534dc4a2e0_0;  alias, 1 drivers
v0x56534dc46640_0 .net "q", 7 0, v0x56534dc468f0_0;  alias, 1 drivers
v0x56534dc46770_0 .net "rst", 0 0, v0x56534dc4c8c0_0;  alias, 1 drivers
L_0x7fd4eea92180 .functor BUFT 1, C4<0>, C4<0>, C4<0>, C4<0>;
v0x56534dc46830_0 .net "si", 0 0, L_0x7fd4eea92180;  1 drivers
v0x56534dc468f0_0 .var "sreg", 7 0;
E_0x56534dbe02e0 .event posedge, v0x56534dc46770_0, v0x56534dbf0670_0;
S_0x56534dc46ab0 .scope module, "Q" "shiftr_reg" 4 43, 5 4 0, S_0x56534dbfde90;
 .timescale 0 0;
    .port_info 0 /INPUT 1 "clk";
    .port_info 1 /INPUT 1 "rst";
    .port_info 2 /INPUT 1 "en";
    .port_info 3 /INPUT 1 "load";
    .port_info 4 /INPUT 1 "si";
    .port_info 5 /INPUT 8 "d";
    .port_info 6 /OUTPUT 8 "q";
P_0x56534dc46c90 .param/l "WIDTH" 0 5 5, +C4<00000000000000000000000000001000>;
v0x56534dc46e10_0 .net "clk", 0 0, v0x56534dc4c6a0_0;  alias, 1 drivers
v0x56534dc46f00_0 .net "d", 7 0, L_0x56534dc5dae0;  alias, 1 drivers
v0x56534dc46fe0_0 .net "en", 0 0, v0x56534dc4a800_0;  alias, 1 drivers
v0x56534dc47080_0 .net "load", 0 0, v0x56534dc4a8a0_0;  alias, 1 drivers
v0x56534dc47140_0 .net "q", 7 0, v0x56534dc473b0_0;  alias, 1 drivers
v0x56534dc47270_0 .net "rst", 0 0, v0x56534dc4c8c0_0;  alias, 1 drivers
v0x56534dc47310_0 .net "si", 0 0, L_0x56534dc5d470;  1 drivers
v0x56534dc473b0_0 .var "sreg", 7 0;
S_0x56534dc475b0 .scope module, "contador" "counter_dec" 4 17, 6 1 0, S_0x56534dbfde90;
 .timescale 0 0;
    .port_info 0 /INPUT 1 "clk";
    .port_info 1 /INPUT 1 "rst";
    .port_info 2 /INPUT 1 "en";
    .port_info 3 /INPUT 1 "ld";
    .port_info 4 /INPUT 3 "d";
    .port_info 5 /OUTPUT 3 "q";
    .port_info 6 /OUTPUT 1 "z";
P_0x56534dc47790 .param/l "WIDTH" 0 6 2, +C4<00000000000000000000000000000011>;
L_0x56534dbe3240 .functor BUFZ 3, v0x56534dc47fd0_0, C4<000>, C4<000>, C4<000>;
L_0x7fd4eea920a8 .functor BUFT 1, C4<1>, C4<0>, C4<0>, C4<0>;
v0x56534dc47990_0 .net/2u *"_ivl_10", 0 0, L_0x7fd4eea920a8;  1 drivers
L_0x7fd4eea920f0 .functor BUFT 1, C4<0>, C4<0>, C4<0>, C4<0>;
v0x56534dc47a90_0 .net/2u *"_ivl_12", 0 0, L_0x7fd4eea920f0;  1 drivers
v0x56534dc47b70_0 .net *"_ivl_2", 31 0, L_0x56534dc4cd90;  1 drivers
L_0x7fd4eea92018 .functor BUFT 1, C4<00000000000000000000000000000>, C4<0>, C4<0>, C4<0>;
v0x56534dc47c60_0 .net *"_ivl_5", 28 0, L_0x7fd4eea92018;  1 drivers
L_0x7fd4eea92060 .functor BUFT 1, C4<00000000000000000000000000000000>, C4<0>, C4<0>, C4<0>;
v0x56534dc47d40_0 .net/2u *"_ivl_6", 31 0, L_0x7fd4eea92060;  1 drivers
v0x56534dc47e70_0 .net *"_ivl_8", 0 0, L_0x56534dc5cf00;  1 drivers
v0x56534dc47f30_0 .net "clk", 0 0, v0x56534dc4c6a0_0;  alias, 1 drivers
v0x56534dc47fd0_0 .var "cnt", 2 0;
v0x56534dc480b0_0 .net "d", 2 0, L_0x56534dc5d220;  1 drivers
v0x56534dc48190_0 .net "en", 0 0, v0x56534dc4a4c0_0;  alias, 1 drivers
v0x56534dc48250_0 .net "ld", 0 0, v0x56534dc4a5b0_0;  alias, 1 drivers
v0x56534dc48310_0 .net "q", 2 0, L_0x56534dbe3240;  alias, 1 drivers
v0x56534dc483f0_0 .net "rst", 0 0, v0x56534dc4c8c0_0;  alias, 1 drivers
v0x56534dc48490_0 .net "z", 0 0, L_0x56534dc5d040;  1 drivers
E_0x56534dc47910 .event posedge, v0x56534dbf0670_0;
L_0x56534dc4cd90 .concat [ 3 29 0 0], v0x56534dc47fd0_0, L_0x7fd4eea92018;
L_0x56534dc5cf00 .cmp/eq 32, L_0x56534dc4cd90, L_0x7fd4eea92060;
L_0x56534dc5d040 .functor MUXZ 1, L_0x7fd4eea920f0, L_0x7fd4eea920a8, L_0x56534dc5cf00, C4<>;
S_0x56534dc49bf0 .scope module, "uc" "multiplicador_uc" 3 14, 7 1 0, S_0x56534dbf9670;
 .timescale 0 0;
    .port_info 0 /INPUT 1 "clk";
    .port_info 1 /INPUT 1 "rst";
    .port_info 2 /INPUT 1 "start";
    .port_info 3 /INPUT 1 "qlsb";
    .port_info 4 /INPUT 1 "zero";
    .port_info 5 /OUTPUT 1 "a_rst";
    .port_info 6 /OUTPUT 1 "a_en";
    .port_info 7 /OUTPUT 1 "b_en";
    .port_info 8 /OUTPUT 1 "q_en";
    .port_info 9 /OUTPUT 1 "cnt_en";
    .port_info 10 /OUTPUT 1 "a_ld";
    .port_info 11 /OUTPUT 1 "b_ld";
    .port_info 12 /OUTPUT 1 "q_ld";
    .port_info 13 /OUTPUT 1 "cnt_ld";
    .port_info 14 /OUTPUT 1 "done";
v0x56534dc49f30_0 .var "a_en", 0 0;
v0x56534dc49ff0_0 .var "a_ld", 0 0;
v0x56534dc4a100_0 .var "a_rst", 0 0;
v0x56534dc4a1f0_0 .var "b_en", 0 0;
v0x56534dc4a2e0_0 .var "b_ld", 0 0;
v0x56534dc4a420_0 .net "clk", 0 0, v0x56534dc4c6a0_0;  alias, 1 drivers
v0x56534dc4a4c0_0 .var "cnt_en", 0 0;
v0x56534dc4a5b0_0 .var "cnt_ld", 0 0;
v0x56534dc4a6a0_0 .var "done", 0 0;
v0x56534dc4a740_0 .var "next_state", 2 0;
v0x56534dc4a800_0 .var "q_en", 0 0;
v0x56534dc4a8a0_0 .var "q_ld", 0 0;
v0x56534dc4a990_0 .net "qlsb", 0 0, L_0x56534dc5d5b0;  alias, 1 drivers
v0x56534dc4aa30_0 .net "rst", 0 0, v0x56534dc4c8c0_0;  alias, 1 drivers
v0x56534dc4ab60_0 .net "start", 0 0, v0x56534dc4ca40_0;  alias, 1 drivers
v0x56534dc4ac00_0 .var "state", 2 0;
v0x56534dc4ace0_0 .net "zero", 0 0, L_0x56534dc5d810;  alias, 1 drivers
E_0x56534dc15ae0 .event anyedge, v0x56534dc4ac00_0;
    .scope S_0x56534dc49bf0;
T_0 ;
    %wait E_0x56534dc47910;
    %pushi/vec4 0, 0, 1;
    %store/vec4 v0x56534dc4a100_0, 0, 1;
    %load/vec4 v0x56534dc4aa30_0;
    %flag_set/vec4 8;
    %jmp/0xz  T_0.0, 8;
    %pushi/vec4 0, 0, 3;
    %store/vec4 v0x56534dc4ac00_0, 0, 3;
T_0.0 ;
    %load/vec4 v0x56534dc4a740_0;
    %assign/vec4 v0x56534dc4ac00_0, 0;
    %load/vec4 v0x56534dc4a6a0_0;
    %flag_set/vec4 8;
    %jmp/0xz  T_0.2, 8;
    %vpi_call 7 13 "$finish" {0 0 0};
T_0.2 ;
    %jmp T_0;
    .thread T_0;
    .scope S_0x56534dc49bf0;
T_1 ;
    %wait E_0x56534dc15ae0;
    %vpi_call 7 16 "$display", "state: %d, start: %b, zero: %b, done: %b", v0x56534dc4ac00_0, v0x56534dc4ab60_0, v0x56534dc4ace0_0, v0x56534dc4a6a0_0 {0 0 0};
    %load/vec4 v0x56534dc4ac00_0;
    %dup/vec4;
    %pushi/vec4 0, 0, 3;
    %cmp/u;
    %jmp/1 T_1.0, 6;
    %dup/vec4;
    %pushi/vec4 1, 0, 3;
    %cmp/u;
    %jmp/1 T_1.1, 6;
    %dup/vec4;
    %pushi/vec4 2, 0, 3;
    %cmp/u;
    %jmp/1 T_1.2, 6;
    %dup/vec4;
    %pushi/vec4 3, 0, 3;
    %cmp/u;
    %jmp/1 T_1.3, 6;
    %dup/vec4;
    %pushi/vec4 4, 0, 3;
    %cmp/u;
    %jmp/1 T_1.4, 6;
    %dup/vec4;
    %pushi/vec4 5, 0, 3;
    %cmp/u;
    %jmp/1 T_1.5, 6;
    %jmp T_1.6;
T_1.0 ;
    %load/vec4 v0x56534dc4ab60_0;
    %flag_set/vec4 8;
    %jmp/0xz  T_1.7, 8;
    %pushi/vec4 1, 0, 3;
    %store/vec4 v0x56534dc4a740_0, 0, 3;
    %jmp T_1.8;
T_1.7 ;
    %pushi/vec4 0, 0, 3;
    %store/vec4 v0x56534dc4a740_0, 0, 3;
T_1.8 ;
    %jmp T_1.6;
T_1.1 ;
    %pushi/vec4 2, 0, 3;
    %store/vec4 v0x56534dc4a740_0, 0, 3;
    %jmp T_1.6;
T_1.2 ;
    %load/vec4 v0x56534dc4a990_0;
    %flag_set/vec4 8;
    %jmp/0xz  T_1.9, 8;
    %pushi/vec4 3, 0, 3;
    %store/vec4 v0x56534dc4a740_0, 0, 3;
    %jmp T_1.10;
T_1.9 ;
    %pushi/vec4 4, 0, 3;
    %store/vec4 v0x56534dc4a740_0, 0, 3;
T_1.10 ;
    %jmp T_1.6;
T_1.3 ;
    %pushi/vec4 4, 0, 3;
    %store/vec4 v0x56534dc4a740_0, 0, 3;
    %jmp T_1.6;
T_1.4 ;
    %load/vec4 v0x56534dc4ace0_0;
    %flag_set/vec4 8;
    %jmp/0xz  T_1.11, 8;
    %pushi/vec4 5, 0, 3;
    %store/vec4 v0x56534dc4a740_0, 0, 3;
    %jmp T_1.12;
T_1.11 ;
    %pushi/vec4 2, 0, 3;
    %store/vec4 v0x56534dc4a740_0, 0, 3;
T_1.12 ;
    %jmp T_1.6;
T_1.5 ;
    %load/vec4 v0x56534dc4ab60_0;
    %nor/r;
    %flag_set/vec4 8;
    %jmp/0xz  T_1.13, 8;
    %pushi/vec4 5, 0, 3;
    %store/vec4 v0x56534dc4a740_0, 0, 3;
    %jmp T_1.14;
T_1.13 ;
    %pushi/vec4 0, 0, 3;
    %store/vec4 v0x56534dc4a740_0, 0, 3;
T_1.14 ;
    %jmp T_1.6;
T_1.6 ;
    %pop/vec4 1;
    %jmp T_1;
    .thread T_1, $push;
    .scope S_0x56534dc49bf0;
T_2 ;
    %wait E_0x56534dc15ae0;
    %load/vec4 v0x56534dc4ac00_0;
    %dup/vec4;
    %pushi/vec4 0, 0, 3;
    %cmp/u;
    %jmp/1 T_2.0, 6;
    %dup/vec4;
    %pushi/vec4 1, 0, 3;
    %cmp/u;
    %jmp/1 T_2.1, 6;
    %dup/vec4;
    %pushi/vec4 2, 0, 3;
    %cmp/u;
    %jmp/1 T_2.2, 6;
    %dup/vec4;
    %pushi/vec4 3, 0, 3;
    %cmp/u;
    %jmp/1 T_2.3, 6;
    %dup/vec4;
    %pushi/vec4 4, 0, 3;
    %cmp/u;
    %jmp/1 T_2.4, 6;
    %dup/vec4;
    %pushi/vec4 5, 0, 3;
    %cmp/u;
    %jmp/1 T_2.5, 6;
    %pushi/vec4 0, 0, 1;
    %store/vec4 v0x56534dc4a100_0, 0, 1;
    %pushi/vec4 0, 0, 1;
    %store/vec4 v0x56534dc49f30_0, 0, 1;
    %pushi/vec4 0, 0, 1;
    %store/vec4 v0x56534dc4a1f0_0, 0, 1;
    %pushi/vec4 0, 0, 1;
    %store/vec4 v0x56534dc4a800_0, 0, 1;
    %pushi/vec4 0, 0, 1;
    %store/vec4 v0x56534dc4a4c0_0, 0, 1;
    %pushi/vec4 0, 0, 1;
    %store/vec4 v0x56534dc49ff0_0, 0, 1;
    %pushi/vec4 0, 0, 1;
    %store/vec4 v0x56534dc4a2e0_0, 0, 1;
    %pushi/vec4 0, 0, 1;
    %store/vec4 v0x56534dc4a8a0_0, 0, 1;
    %pushi/vec4 0, 0, 1;
    %store/vec4 v0x56534dc4a5b0_0, 0, 1;
    %pushi/vec4 0, 0, 1;
    %store/vec4 v0x56534dc4a6a0_0, 0, 1;
    %jmp T_2.7;
T_2.0 ;
    %pushi/vec4 0, 0, 1;
    %store/vec4 v0x56534dc4a100_0, 0, 1;
    %pushi/vec4 0, 0, 1;
    %store/vec4 v0x56534dc49f30_0, 0, 1;
    %pushi/vec4 0, 0, 1;
    %store/vec4 v0x56534dc4a1f0_0, 0, 1;
    %pushi/vec4 0, 0, 1;
    %store/vec4 v0x56534dc4a800_0, 0, 1;
    %pushi/vec4 0, 0, 1;
    %store/vec4 v0x56534dc4a4c0_0, 0, 1;
    %pushi/vec4 0, 0, 1;
    %store/vec4 v0x56534dc49ff0_0, 0, 1;
    %pushi/vec4 0, 0, 1;
    %store/vec4 v0x56534dc4a2e0_0, 0, 1;
    %pushi/vec4 0, 0, 1;
    %store/vec4 v0x56534dc4a8a0_0, 0, 1;
    %pushi/vec4 0, 0, 1;
    %store/vec4 v0x56534dc4a5b0_0, 0, 1;
    %pushi/vec4 0, 0, 1;
    %store/vec4 v0x56534dc4a6a0_0, 0, 1;
    %jmp T_2.7;
T_2.1 ;
    %pushi/vec4 1, 0, 1;
    %store/vec4 v0x56534dc4a100_0, 0, 1;
    %pushi/vec4 0, 0, 1;
    %store/vec4 v0x56534dc49f30_0, 0, 1;
    %pushi/vec4 1, 0, 1;
    %store/vec4 v0x56534dc4a1f0_0, 0, 1;
    %pushi/vec4 1, 0, 1;
    %store/vec4 v0x56534dc4a800_0, 0, 1;
    %pushi/vec4 1, 0, 1;
    %store/vec4 v0x56534dc4a4c0_0, 0, 1;
    %pushi/vec4 0, 0, 1;
    %store/vec4 v0x56534dc49ff0_0, 0, 1;
    %pushi/vec4 1, 0, 1;
    %store/vec4 v0x56534dc4a2e0_0, 0, 1;
    %pushi/vec4 1, 0, 1;
    %store/vec4 v0x56534dc4a8a0_0, 0, 1;
    %pushi/vec4 1, 0, 1;
    %store/vec4 v0x56534dc4a5b0_0, 0, 1;
    %pushi/vec4 0, 0, 1;
    %store/vec4 v0x56534dc4a6a0_0, 0, 1;
    %jmp T_2.7;
T_2.2 ;
    %pushi/vec4 0, 0, 1;
    %store/vec4 v0x56534dc4a100_0, 0, 1;
    %pushi/vec4 0, 0, 1;
    %store/vec4 v0x56534dc49f30_0, 0, 1;
    %pushi/vec4 0, 0, 1;
    %store/vec4 v0x56534dc4a1f0_0, 0, 1;
    %pushi/vec4 0, 0, 1;
    %store/vec4 v0x56534dc4a800_0, 0, 1;
    %pushi/vec4 0, 0, 1;
    %store/vec4 v0x56534dc4a4c0_0, 0, 1;
    %pushi/vec4 0, 0, 1;
    %store/vec4 v0x56534dc49ff0_0, 0, 1;
    %pushi/vec4 0, 0, 1;
    %store/vec4 v0x56534dc4a2e0_0, 0, 1;
    %pushi/vec4 0, 0, 1;
    %store/vec4 v0x56534dc4a8a0_0, 0, 1;
    %pushi/vec4 0, 0, 1;
    %store/vec4 v0x56534dc4a5b0_0, 0, 1;
    %pushi/vec4 0, 0, 1;
    %store/vec4 v0x56534dc4a6a0_0, 0, 1;
    %jmp T_2.7;
T_2.3 ;
    %pushi/vec4 0, 0, 1;
    %store/vec4 v0x56534dc4a100_0, 0, 1;
    %pushi/vec4 1, 0, 1;
    %store/vec4 v0x56534dc49f30_0, 0, 1;
    %pushi/vec4 0, 0, 1;
    %store/vec4 v0x56534dc4a1f0_0, 0, 1;
    %pushi/vec4 0, 0, 1;
    %store/vec4 v0x56534dc4a800_0, 0, 1;
    %pushi/vec4 0, 0, 1;
    %store/vec4 v0x56534dc4a4c0_0, 0, 1;
    %pushi/vec4 1, 0, 1;
    %store/vec4 v0x56534dc49ff0_0, 0, 1;
    %pushi/vec4 0, 0, 1;
    %store/vec4 v0x56534dc4a2e0_0, 0, 1;
    %pushi/vec4 0, 0, 1;
    %store/vec4 v0x56534dc4a8a0_0, 0, 1;
    %pushi/vec4 0, 0, 1;
    %store/vec4 v0x56534dc4a5b0_0, 0, 1;
    %pushi/vec4 0, 0, 1;
    %store/vec4 v0x56534dc4a6a0_0, 0, 1;
    %jmp T_2.7;
T_2.4 ;
    %pushi/vec4 0, 0, 1;
    %store/vec4 v0x56534dc4a100_0, 0, 1;
    %pushi/vec4 1, 0, 1;
    %store/vec4 v0x56534dc49f30_0, 0, 1;
    %pushi/vec4 0, 0, 1;
    %store/vec4 v0x56534dc4a1f0_0, 0, 1;
    %pushi/vec4 1, 0, 1;
    %store/vec4 v0x56534dc4a800_0, 0, 1;
    %pushi/vec4 1, 0, 1;
    %store/vec4 v0x56534dc4a4c0_0, 0, 1;
    %pushi/vec4 0, 0, 1;
    %store/vec4 v0x56534dc49ff0_0, 0, 1;
    %pushi/vec4 0, 0, 1;
    %store/vec4 v0x56534dc4a2e0_0, 0, 1;
    %pushi/vec4 0, 0, 1;
    %store/vec4 v0x56534dc4a8a0_0, 0, 1;
    %pushi/vec4 0, 0, 1;
    %store/vec4 v0x56534dc4a5b0_0, 0, 1;
    %pushi/vec4 0, 0, 1;
    %store/vec4 v0x56534dc4a6a0_0, 0, 1;
    %jmp T_2.7;
T_2.5 ;
    %pushi/vec4 0, 0, 1;
    %store/vec4 v0x56534dc4a100_0, 0, 1;
    %pushi/vec4 0, 0, 1;
    %store/vec4 v0x56534dc49f30_0, 0, 1;
    %pushi/vec4 0, 0, 1;
    %store/vec4 v0x56534dc4a1f0_0, 0, 1;
    %pushi/vec4 0, 0, 1;
    %store/vec4 v0x56534dc4a800_0, 0, 1;
    %pushi/vec4 0, 0, 1;
    %store/vec4 v0x56534dc4a4c0_0, 0, 1;
    %pushi/vec4 0, 0, 1;
    %store/vec4 v0x56534dc49ff0_0, 0, 1;
    %pushi/vec4 0, 0, 1;
    %store/vec4 v0x56534dc4a2e0_0, 0, 1;
    %pushi/vec4 0, 0, 1;
    %store/vec4 v0x56534dc4a8a0_0, 0, 1;
    %pushi/vec4 0, 0, 1;
    %store/vec4 v0x56534dc4a5b0_0, 0, 1;
    %pushi/vec4 1, 0, 1;
    %store/vec4 v0x56534dc4a6a0_0, 0, 1;
    %jmp T_2.7;
T_2.7 ;
    %pop/vec4 1;
    %jmp T_2;
    .thread T_2, $push;
    .scope S_0x56534dc475b0;
T_3 ;
    %wait E_0x56534dc47910;
    %load/vec4 v0x56534dc483f0_0;
    %flag_set/vec4 8;
    %jmp/0xz  T_3.0, 8;
    %pushi/vec4 0, 0, 3;
    %store/vec4 v0x56534dc47fd0_0, 0, 3;
    %jmp T_3.1;
T_3.0 ;
    %load/vec4 v0x56534dc48190_0;
    %flag_set/vec4 8;
    %jmp/0xz  T_3.2, 8;
    %load/vec4 v0x56534dc48250_0;
    %flag_set/vec4 8;
    %jmp/0xz  T_3.4, 8;
    %load/vec4 v0x56534dc480b0_0;
    %store/vec4 v0x56534dc47fd0_0, 0, 3;
    %jmp T_3.5;
T_3.4 ;
    %load/vec4 v0x56534dc47fd0_0;
    %subi 1, 0, 3;
    %store/vec4 v0x56534dc47fd0_0, 0, 3;
T_3.5 ;
T_3.2 ;
T_3.1 ;
    %jmp T_3;
    .thread T_3;
    .scope S_0x56534dc45ff0;
T_4 ;
    %wait E_0x56534dbe02e0;
    %load/vec4 v0x56534dc46770_0;
    %flag_set/vec4 8;
    %jmp/0xz  T_4.0, 8;
    %pushi/vec4 0, 0, 8;
    %store/vec4 v0x56534dc468f0_0, 0, 8;
    %jmp T_4.1;
T_4.0 ;
    %load/vec4 v0x56534dc464e0_0;
    %flag_set/vec4 8;
    %jmp/0xz  T_4.2, 8;
    %load/vec4 v0x56534dc46580_0;
    %flag_set/vec4 8;
    %jmp/0xz  T_4.4, 8;
    %load/vec4 v0x56534dc46420_0;
    %store/vec4 v0x56534dc468f0_0, 0, 8;
    %jmp T_4.5;
T_4.4 ;
    %load/vec4 v0x56534dc46830_0;
    %load/vec4 v0x56534dc468f0_0;
    %parti/s 7, 1, 2;
    %concat/vec4; draw_concat_vec4
    %store/vec4 v0x56534dc468f0_0, 0, 8;
T_4.5 ;
T_4.2 ;
T_4.1 ;
    %jmp T_4;
    .thread T_4;
    .scope S_0x56534dbf4220;
T_5 ;
    %wait E_0x56534dc16c80;
    %load/vec4 v0x56534dc45cb0_0;
    %flag_set/vec4 8;
    %jmp/0xz  T_5.0, 8;
    %pushi/vec4 0, 0, 8;
    %store/vec4 v0x56534dc45e30_0, 0, 8;
    %jmp T_5.1;
T_5.0 ;
    %load/vec4 v0x56534dc252c0_0;
    %flag_set/vec4 8;
    %jmp/0xz  T_5.2, 8;
    %load/vec4 v0x56534dc25360_0;
    %flag_set/vec4 8;
    %jmp/0xz  T_5.4, 8;
    %load/vec4 v0x56534dbf2100_0;
    %store/vec4 v0x56534dc45e30_0, 0, 8;
    %jmp T_5.5;
T_5.4 ;
    %load/vec4 v0x56534dc45d70_0;
    %load/vec4 v0x56534dc45e30_0;
    %parti/s 7, 1, 2;
    %concat/vec4; draw_concat_vec4
    %store/vec4 v0x56534dc45e30_0, 0, 8;
T_5.5 ;
T_5.2 ;
T_5.1 ;
    %jmp T_5;
    .thread T_5;
    .scope S_0x56534dc46ab0;
T_6 ;
    %wait E_0x56534dbe02e0;
    %load/vec4 v0x56534dc47270_0;
    %flag_set/vec4 8;
    %jmp/0xz  T_6.0, 8;
    %pushi/vec4 0, 0, 8;
    %store/vec4 v0x56534dc473b0_0, 0, 8;
    %jmp T_6.1;
T_6.0 ;
    %load/vec4 v0x56534dc46fe0_0;
    %flag_set/vec4 8;
    %jmp/0xz  T_6.2, 8;
    %load/vec4 v0x56534dc47080_0;
    %flag_set/vec4 8;
    %jmp/0xz  T_6.4, 8;
    %load/vec4 v0x56534dc46f00_0;
    %store/vec4 v0x56534dc473b0_0, 0, 8;
    %jmp T_6.5;
T_6.4 ;
    %load/vec4 v0x56534dc47310_0;
    %load/vec4 v0x56534dc473b0_0;
    %parti/s 7, 1, 2;
    %concat/vec4; draw_concat_vec4
    %store/vec4 v0x56534dc473b0_0, 0, 8;
T_6.5 ;
T_6.2 ;
T_6.1 ;
    %jmp T_6;
    .thread T_6;
    .scope S_0x56534dc28990;
T_7 ;
    %pushi/vec4 0, 0, 32;
    %store/vec4 v0x56534dc4c400_0, 0, 32;
    %pushi/vec4 0, 0, 32;
    %store/vec4 v0x56534dc4c7e0_0, 0, 32;
    %pushi/vec4 0, 0, 32;
    %store/vec4 v0x56534dc4cb30_0, 0, 32;
    %vpi_call 2 20 "$dumpfile", "multiplicador_tb.vcd" {0 0 0};
    %vpi_call 2 21 "$dumpvars", 32'sb00000000000000000000000000000000, S_0x56534dc28990 {0 0 0};
    %vpi_call 2 22 "$display", "ol\303\241" {0 0 0};
    %pushi/vec4 0, 0, 1;
    %store/vec4 v0x56534dc4ca40_0, 0, 1;
    %pushi/vec4 1, 0, 1;
    %store/vec4 v0x56534dc4c8c0_0, 0, 1;
    %delay 2, 0;
    %pushi/vec4 0, 0, 1;
    %store/vec4 v0x56534dc4c8c0_0, 0, 1;
    %pushi/vec4 11, 0, 8;
    %store/vec4 v0x56534dc4c4e0_0, 0, 8;
    %pushi/vec4 17, 0, 8;
    %store/vec4 v0x56534dc4c5c0_0, 0, 8;
    %delay 1, 0;
    %pushi/vec4 1, 0, 1;
    %store/vec4 v0x56534dc4ca40_0, 0, 1;
    %delay 30, 0;
    %end;
    .thread T_7;
    .scope S_0x56534dc28990;
T_8 ;
    %pushi/vec4 0, 0, 1;
    %store/vec4 v0x56534dc4c6a0_0, 0, 1;
T_8.0 ;
    %delay 1, 0;
    %load/vec4 v0x56534dc4c6a0_0;
    %inv;
    %store/vec4 v0x56534dc4c6a0_0, 0, 1;
    %jmp T_8.0;
    %end;
    .thread T_8;
# The file index is used to find the file name in the following table.
:file_names 8;
    "N/A";
    "<interactive>";
    "multiplicador_tb.v";
    "multiplicador.v";
    "multiplicador_fd.v";
    "shiftreg.v";
    "contador_dec.v";
    "multiplicador_uc.v";
