#! /usr/bin/vvp
:ivl_version "12.0 (stable)" "(v12_0-dirty)";
:ivl_delay_selection "TYPICAL";
:vpi_time_precision + 0;
:vpi_module "/usr/lib/ivl/system.vpi";
:vpi_module "/usr/lib/ivl/vhdl_sys.vpi";
:vpi_module "/usr/lib/ivl/vhdl_textio.vpi";
:vpi_module "/usr/lib/ivl/v2005_math.vpi";
:vpi_module "/usr/lib/ivl/va_math.vpi";
S_0x5576357ddbf0 .scope module, "memory_tb" "memory_tb" 2 1;
 .timescale 0 0;
v0x5576357f1270_0 .var "clk", 0 0;
v0x5576357f1330_0 .net "count", 3 0, v0x5576357f0d50_0;  1 drivers
v0x5576357f1400_0 .var "data", 3 0;
v0x5576357f1500_0 .var "down", 0 0;
v0x5576357f15d0_0 .var "load", 0 0;
v0x5576357f16c0_0 .var "rst", 0 0;
S_0x5576357ddd80 .scope module, "cont" "counter" 2 8, 3 1 0, S_0x5576357ddbf0;
 .timescale 0 0;
    .port_info 0 /INPUT 1 "clk";
    .port_info 1 /INPUT 1 "rst";
    .port_info 2 /INPUT 1 "load";
    .port_info 3 /INPUT 1 "down";
    .port_info 4 /INPUT 4 "data";
    .port_info 5 /OUTPUT 4 "count";
P_0x5576357ddf10 .param/l "N" 0 3 2, +C4<00000000000000000000000000000100>;
v0x5576357cb210_0 .net "clk", 0 0, v0x5576357f1270_0;  1 drivers
v0x5576357f0d50_0 .var "count", 3 0;
v0x5576357f0e30_0 .net "data", 3 0, v0x5576357f1400_0;  1 drivers
v0x5576357f0f20_0 .net "down", 0 0, v0x5576357f1500_0;  1 drivers
v0x5576357f0fe0_0 .net "load", 0 0, v0x5576357f15d0_0;  1 drivers
v0x5576357f10f0_0 .net "rst", 0 0, v0x5576357f16c0_0;  1 drivers
E_0x5576357de7a0/0 .event anyedge, v0x5576357f10f0_0;
E_0x5576357de7a0/1 .event posedge, v0x5576357cb210_0;
E_0x5576357de7a0 .event/or E_0x5576357de7a0/0, E_0x5576357de7a0/1;
    .scope S_0x5576357ddd80;
T_0 ;
    %wait E_0x5576357de7a0;
    %load/vec4 v0x5576357f10f0_0;
    %flag_set/vec4 8;
    %jmp/0xz  T_0.0, 8;
    %pushi/vec4 0, 0, 4;
    %assign/vec4 v0x5576357f0d50_0, 0;
    %jmp T_0.1;
T_0.0 ;
    %load/vec4 v0x5576357f0fe0_0;
    %flag_set/vec4 8;
    %jmp/0xz  T_0.2, 8;
    %load/vec4 v0x5576357f0e30_0;
    %assign/vec4 v0x5576357f0d50_0, 0;
    %jmp T_0.3;
T_0.2 ;
    %load/vec4 v0x5576357f0f20_0;
    %flag_set/vec4 8;
    %jmp/0xz  T_0.4, 8;
    %load/vec4 v0x5576357f0d50_0;
    %subi 1, 0, 4;
    %assign/vec4 v0x5576357f0d50_0, 0;
    %jmp T_0.5;
T_0.4 ;
    %load/vec4 v0x5576357f0d50_0;
    %addi 1, 0, 4;
    %assign/vec4 v0x5576357f0d50_0, 0;
T_0.5 ;
T_0.3 ;
T_0.1 ;
    %jmp T_0;
    .thread T_0;
    .scope S_0x5576357ddbf0;
T_1 ;
    %pushi/vec4 0, 0, 1;
    %store/vec4 v0x5576357f1270_0, 0, 1;
T_1.0 ;
    %delay 1, 0;
    %load/vec4 v0x5576357f1270_0;
    %inv;
    %store/vec4 v0x5576357f1270_0, 0, 1;
    %jmp T_1.0;
    %end;
    .thread T_1;
    .scope S_0x5576357ddbf0;
T_2 ;
    %vpi_call 2 21 "$monitor", "%b, %b, %b, %b, %b", v0x5576357f16c0_0, v0x5576357f15d0_0, v0x5576357f1500_0, v0x5576357f1400_0, v0x5576357f1330_0 {0 0 0};
    %pushi/vec4 1, 0, 1;
    %store/vec4 v0x5576357f16c0_0, 0, 1;
    %delay 1, 0;
    %pushi/vec4 0, 0, 1;
    %store/vec4 v0x5576357f16c0_0, 0, 1;
    %delay 30, 0;
    %pushi/vec4 1, 0, 1;
    %store/vec4 v0x5576357f1500_0, 0, 1;
    %delay 30, 0;
    %pushi/vec4 0, 0, 1;
    %store/vec4 v0x5576357f1500_0, 0, 1;
    %pushi/vec4 10, 0, 4;
    %store/vec4 v0x5576357f1400_0, 0, 4;
    %pushi/vec4 1, 0, 1;
    %store/vec4 v0x5576357f15d0_0, 0, 1;
    %delay 1, 0;
    %pushi/vec4 0, 0, 1;
    %store/vec4 v0x5576357f15d0_0, 0, 1;
    %delay 10, 0;
    %vpi_call 2 33 "$finish" {0 0 0};
    %end;
    .thread T_2;
# The file index is used to find the file name in the following table.
:file_names 4;
    "N/A";
    "<interactive>";
    "counter_tb.v";
    "counter.v";
