#! /usr/bin/vvp
:ivl_version "12.0 (stable)" "(v12_0-dirty)";
:ivl_delay_selection "TYPICAL";
:vpi_time_precision + 0;
:vpi_module "/usr/lib/ivl/system.vpi";
:vpi_module "/usr/lib/ivl/vhdl_sys.vpi";
:vpi_module "/usr/lib/ivl/vhdl_textio.vpi";
:vpi_module "/usr/lib/ivl/v2005_math.vpi";
:vpi_module "/usr/lib/ivl/va_math.vpi";
S_0x56401cde2720 .scope module, "mux16x1" "mux16x1" 2 86;
 .timescale 0 0;
    .port_info 0 /INPUT 33 "i";
    .port_info 1 /INPUT 4 "s";
    .port_info 2 /OUTPUT 2 "y";
o0x7f1e596a5c38 .functor BUFZ 33, C4<zzzzzzzzzzzzzzzzzzzzzzzzzzzzzzzzz>; HiZ drive
v0x56401ce04d80_0 .net "i", 32 0, o0x7f1e596a5c38;  0 drivers
o0x7f1e596a5c68 .functor BUFZ 4, C4<zzzz>; HiZ drive
v0x56401ce04e60_0 .net "s", 3 0, o0x7f1e596a5c68;  0 drivers
v0x56401ce04f40_0 .net "wm", 3 0, L_0x56401ce133b0;  1 drivers
v0x56401ce05010_0 .net "y", 1 0, L_0x56401ce13670;  1 drivers
L_0x56401ce108e0 .part o0x7f1e596a5c38, 0, 16;
L_0x56401ce10980 .part o0x7f1e596a5c68, 0, 3;
L_0x56401ce13190 .part o0x7f1e596a5c38, 16, 16;
L_0x56401ce13280 .part o0x7f1e596a5c68, 0, 3;
L_0x56401ce133b0 .concat8 [ 2 2 0 0], L_0x56401ce10670, L_0x56401ce12f20;
L_0x56401ce137b0 .part o0x7f1e596a5c68, 3, 1;
S_0x56401cdbf0f0 .scope module, "mux1" "mux8x1" 2 92, 2 64 0, S_0x56401cde2720;
 .timescale 0 0;
    .port_info 0 /INPUT 16 "i";
    .port_info 1 /INPUT 3 "s";
    .port_info 2 /OUTPUT 2 "y";
v0x56401cdffc30_0 .net "i", 15 0, L_0x56401ce108e0;  1 drivers
v0x56401cdffd10_0 .net "s", 2 0, L_0x56401ce10980;  1 drivers
v0x56401cdffdf0_0 .net "wm", 3 0, L_0x56401ce103b0;  1 drivers
v0x56401cdffec0_0 .net "y", 1 0, L_0x56401ce10670;  1 drivers
L_0x56401ce0f0b0 .part L_0x56401ce108e0, 0, 8;
L_0x56401ce0f150 .part L_0x56401ce10980, 0, 2;
L_0x56401ce10190 .part L_0x56401ce108e0, 8, 8;
L_0x56401ce10280 .part L_0x56401ce10980, 0, 2;
L_0x56401ce103b0 .concat8 [ 2 2 0 0], L_0x56401ce0ee40, L_0x56401ce0ff20;
L_0x56401ce107b0 .part L_0x56401ce10980, 2, 1;
S_0x56401cdc3b10 .scope module, "mux1" "mux4x1" 2 70, 2 42 0, S_0x56401cdbf0f0;
 .timescale 0 0;
    .port_info 0 /INPUT 8 "i";
    .port_info 1 /INPUT 2 "s";
    .port_info 2 /OUTPUT 2 "y";
v0x56401cdfd580_0 .net "i", 7 0, L_0x56401ce0f0b0;  1 drivers
v0x56401cdfd660_0 .net "s", 1 0, L_0x56401ce0f150;  1 drivers
v0x56401cdfd740_0 .net "wm", 3 0, L_0x56401ce0eb70;  1 drivers
v0x56401cdfd7e0_0 .net "y", 1 0, L_0x56401ce0ee40;  1 drivers
L_0x56401ce0e420 .part L_0x56401ce0f0b0, 0, 4;
L_0x56401ce0e4c0 .part L_0x56401ce0f150, 0, 1;
L_0x56401ce0e910 .part L_0x56401ce0f0b0, 4, 4;
L_0x56401ce0ea00 .part L_0x56401ce0f150, 0, 1;
L_0x56401ce0eb70 .concat8 [ 2 2 0 0], L_0x56401ce0e2b0, L_0x56401ce0e7a0;
L_0x56401ce0ef80 .part L_0x56401ce0f150, 1, 1;
S_0x56401cdddd00 .scope module, "mux1" "mux2x2" 2 48, 2 35 0, S_0x56401cdc3b10;
 .timescale 0 0;
    .port_info 0 /INPUT 4 "i";
    .port_info 1 /INPUT 1 "s";
    .port_info 2 /OUTPUT 2 "y";
v0x56401cdb6d30_0 .net *"_ivl_1", 1 0, L_0x56401ce0e0c0;  1 drivers
v0x56401cdbb750_0 .net *"_ivl_3", 1 0, L_0x56401ce0e190;  1 drivers
v0x56401cdbd0f0_0 .net "i", 3 0, L_0x56401ce0e420;  1 drivers
v0x56401cdc1b70_0 .net "s", 0 0, L_0x56401ce0e4c0;  1 drivers
v0x56401cdc6590_0 .net "y", 1 0, L_0x56401ce0e2b0;  1 drivers
L_0x56401ce0e0c0 .part L_0x56401ce0e420, 2, 2;
L_0x56401ce0e190 .part L_0x56401ce0e420, 0, 2;
L_0x56401ce0e2b0 .functor MUXZ 2, L_0x56401ce0e190, L_0x56401ce0e0c0, L_0x56401ce0e4c0, C4<>;
S_0x56401cdfc860 .scope module, "mux2" "mux2x2" 2 53, 2 35 0, S_0x56401cdc3b10;
 .timescale 0 0;
    .port_info 0 /INPUT 4 "i";
    .port_info 1 /INPUT 1 "s";
    .port_info 2 /OUTPUT 2 "y";
v0x56401cdc7f30_0 .net *"_ivl_1", 1 0, L_0x56401ce0e5b0;  1 drivers
v0x56401cde0780_0 .net *"_ivl_3", 1 0, L_0x56401ce0e680;  1 drivers
v0x56401cdfcb30_0 .net "i", 3 0, L_0x56401ce0e910;  1 drivers
v0x56401cdfcbf0_0 .net "s", 0 0, L_0x56401ce0ea00;  1 drivers
v0x56401cdfccb0_0 .net "y", 1 0, L_0x56401ce0e7a0;  1 drivers
L_0x56401ce0e5b0 .part L_0x56401ce0e910, 2, 2;
L_0x56401ce0e680 .part L_0x56401ce0e910, 0, 2;
L_0x56401ce0e7a0 .functor MUXZ 2, L_0x56401ce0e680, L_0x56401ce0e5b0, L_0x56401ce0ea00, C4<>;
S_0x56401cdfce60 .scope module, "mux3" "mux2x2" 2 58, 2 35 0, S_0x56401cdc3b10;
 .timescale 0 0;
    .port_info 0 /INPUT 4 "i";
    .port_info 1 /INPUT 1 "s";
    .port_info 2 /OUTPUT 2 "y";
v0x56401cdfd090_0 .net *"_ivl_1", 1 0, L_0x56401ce0ed00;  1 drivers
v0x56401cdfd170_0 .net *"_ivl_3", 1 0, L_0x56401ce0eda0;  1 drivers
v0x56401cdfd250_0 .net "i", 3 0, L_0x56401ce0eb70;  alias, 1 drivers
v0x56401cdfd310_0 .net "s", 0 0, L_0x56401ce0ef80;  1 drivers
v0x56401cdfd3d0_0 .net "y", 1 0, L_0x56401ce0ee40;  alias, 1 drivers
L_0x56401ce0ed00 .part L_0x56401ce0eb70, 2, 2;
L_0x56401ce0eda0 .part L_0x56401ce0eb70, 0, 2;
L_0x56401ce0ee40 .functor MUXZ 2, L_0x56401ce0eda0, L_0x56401ce0ed00, L_0x56401ce0ef80, C4<>;
S_0x56401cdfd8e0 .scope module, "mux2" "mux4x1" 2 75, 2 42 0, S_0x56401cdbf0f0;
 .timescale 0 0;
    .port_info 0 /INPUT 8 "i";
    .port_info 1 /INPUT 2 "s";
    .port_info 2 /OUTPUT 2 "y";
v0x56401cdff0f0_0 .net "i", 7 0, L_0x56401ce10190;  1 drivers
v0x56401cdff1d0_0 .net "s", 1 0, L_0x56401ce10280;  1 drivers
v0x56401cdff2b0_0 .net "wm", 3 0, L_0x56401ce0fbc0;  1 drivers
v0x56401cdff380_0 .net "y", 1 0, L_0x56401ce0ff20;  1 drivers
L_0x56401ce0f500 .part L_0x56401ce10190, 0, 4;
L_0x56401ce0f5a0 .part L_0x56401ce10280, 0, 1;
L_0x56401ce0f960 .part L_0x56401ce10190, 4, 4;
L_0x56401ce0fa50 .part L_0x56401ce10280, 0, 1;
L_0x56401ce0fbc0 .concat8 [ 2 2 0 0], L_0x56401ce0f3c0, L_0x56401ce0f820;
L_0x56401ce10060 .part L_0x56401ce10280, 1, 1;
S_0x56401cdfdb10 .scope module, "mux1" "mux2x2" 2 48, 2 35 0, S_0x56401cdfd8e0;
 .timescale 0 0;
    .port_info 0 /INPUT 4 "i";
    .port_info 1 /INPUT 1 "s";
    .port_info 2 /OUTPUT 2 "y";
v0x56401cdfdd80_0 .net *"_ivl_1", 1 0, L_0x56401ce0f280;  1 drivers
v0x56401cdfde80_0 .net *"_ivl_3", 1 0, L_0x56401ce0f320;  1 drivers
v0x56401cdfdf60_0 .net "i", 3 0, L_0x56401ce0f500;  1 drivers
v0x56401cdfe020_0 .net "s", 0 0, L_0x56401ce0f5a0;  1 drivers
v0x56401cdfe0e0_0 .net "y", 1 0, L_0x56401ce0f3c0;  1 drivers
L_0x56401ce0f280 .part L_0x56401ce0f500, 2, 2;
L_0x56401ce0f320 .part L_0x56401ce0f500, 0, 2;
L_0x56401ce0f3c0 .functor MUXZ 2, L_0x56401ce0f320, L_0x56401ce0f280, L_0x56401ce0f5a0, C4<>;
S_0x56401cdfe290 .scope module, "mux2" "mux2x2" 2 53, 2 35 0, S_0x56401cdfd8e0;
 .timescale 0 0;
    .port_info 0 /INPUT 4 "i";
    .port_info 1 /INPUT 1 "s";
    .port_info 2 /OUTPUT 2 "y";
v0x56401cdfe4c0_0 .net *"_ivl_1", 1 0, L_0x56401ce0f690;  1 drivers
v0x56401cdfe5c0_0 .net *"_ivl_3", 1 0, L_0x56401ce0f730;  1 drivers
v0x56401cdfe6a0_0 .net "i", 3 0, L_0x56401ce0f960;  1 drivers
v0x56401cdfe760_0 .net "s", 0 0, L_0x56401ce0fa50;  1 drivers
v0x56401cdfe820_0 .net "y", 1 0, L_0x56401ce0f820;  1 drivers
L_0x56401ce0f690 .part L_0x56401ce0f960, 2, 2;
L_0x56401ce0f730 .part L_0x56401ce0f960, 0, 2;
L_0x56401ce0f820 .functor MUXZ 2, L_0x56401ce0f730, L_0x56401ce0f690, L_0x56401ce0fa50, C4<>;
S_0x56401cdfe9d0 .scope module, "mux3" "mux2x2" 2 58, 2 35 0, S_0x56401cdfd8e0;
 .timescale 0 0;
    .port_info 0 /INPUT 4 "i";
    .port_info 1 /INPUT 1 "s";
    .port_info 2 /OUTPUT 2 "y";
v0x56401cdfec00_0 .net *"_ivl_1", 1 0, L_0x56401ce0fd50;  1 drivers
v0x56401cdfece0_0 .net *"_ivl_3", 1 0, L_0x56401ce0fdf0;  1 drivers
v0x56401cdfedc0_0 .net "i", 3 0, L_0x56401ce0fbc0;  alias, 1 drivers
v0x56401cdfee80_0 .net "s", 0 0, L_0x56401ce10060;  1 drivers
v0x56401cdfef40_0 .net "y", 1 0, L_0x56401ce0ff20;  alias, 1 drivers
L_0x56401ce0fd50 .part L_0x56401ce0fbc0, 2, 2;
L_0x56401ce0fdf0 .part L_0x56401ce0fbc0, 0, 2;
L_0x56401ce0ff20 .functor MUXZ 2, L_0x56401ce0fdf0, L_0x56401ce0fd50, L_0x56401ce10060, C4<>;
S_0x56401cdff4b0 .scope module, "mux3" "mux2x2" 2 80, 2 35 0, S_0x56401cdbf0f0;
 .timescale 0 0;
    .port_info 0 /INPUT 4 "i";
    .port_info 1 /INPUT 1 "s";
    .port_info 2 /OUTPUT 2 "y";
v0x56401cdff710_0 .net *"_ivl_1", 1 0, L_0x56401ce104a0;  1 drivers
v0x56401cdff7f0_0 .net *"_ivl_3", 1 0, L_0x56401ce10540;  1 drivers
v0x56401cdff8d0_0 .net "i", 3 0, L_0x56401ce103b0;  alias, 1 drivers
v0x56401cdff9c0_0 .net "s", 0 0, L_0x56401ce107b0;  1 drivers
v0x56401cdffa80_0 .net "y", 1 0, L_0x56401ce10670;  alias, 1 drivers
L_0x56401ce104a0 .part L_0x56401ce103b0, 2, 2;
L_0x56401ce10540 .part L_0x56401ce103b0, 0, 2;
L_0x56401ce10670 .functor MUXZ 2, L_0x56401ce10540, L_0x56401ce104a0, L_0x56401ce107b0, C4<>;
S_0x56401cdffff0 .scope module, "mux2" "mux8x1" 2 97, 2 64 0, S_0x56401cde2720;
 .timescale 0 0;
    .port_info 0 /INPUT 16 "i";
    .port_info 1 /INPUT 3 "s";
    .port_info 2 /OUTPUT 2 "y";
v0x56401ce04240_0 .net "i", 15 0, L_0x56401ce13190;  1 drivers
v0x56401ce04320_0 .net "s", 2 0, L_0x56401ce13280;  1 drivers
v0x56401ce04400_0 .net "wm", 3 0, L_0x56401ce12c60;  1 drivers
v0x56401ce044d0_0 .net "y", 1 0, L_0x56401ce12f20;  1 drivers
L_0x56401ce11990 .part L_0x56401ce13190, 0, 8;
L_0x56401ce11a30 .part L_0x56401ce13280, 0, 2;
L_0x56401ce12a40 .part L_0x56401ce13190, 8, 8;
L_0x56401ce12b30 .part L_0x56401ce13280, 0, 2;
L_0x56401ce12c60 .concat8 [ 2 2 0 0], L_0x56401ce11720, L_0x56401ce127d0;
L_0x56401ce13060 .part L_0x56401ce13280, 2, 1;
S_0x56401ce00220 .scope module, "mux1" "mux4x1" 2 70, 2 42 0, S_0x56401cdffff0;
 .timescale 0 0;
    .port_info 0 /INPUT 8 "i";
    .port_info 1 /INPUT 2 "s";
    .port_info 2 /OUTPUT 2 "y";
v0x56401ce01ad0_0 .net "i", 7 0, L_0x56401ce11990;  1 drivers
v0x56401ce01bb0_0 .net "s", 1 0, L_0x56401ce11a30;  1 drivers
v0x56401ce01c90_0 .net "wm", 3 0, L_0x56401ce113c0;  1 drivers
v0x56401ce01d60_0 .net "y", 1 0, L_0x56401ce11720;  1 drivers
L_0x56401ce10d30 .part L_0x56401ce11990, 0, 4;
L_0x56401ce10dd0 .part L_0x56401ce11a30, 0, 1;
L_0x56401ce11190 .part L_0x56401ce11990, 4, 4;
L_0x56401ce11280 .part L_0x56401ce11a30, 0, 1;
L_0x56401ce113c0 .concat8 [ 2 2 0 0], L_0x56401ce10bf0, L_0x56401ce11050;
L_0x56401ce11860 .part L_0x56401ce11a30, 1, 1;
S_0x56401ce00490 .scope module, "mux1" "mux2x2" 2 48, 2 35 0, S_0x56401ce00220;
 .timescale 0 0;
    .port_info 0 /INPUT 4 "i";
    .port_info 1 /INPUT 1 "s";
    .port_info 2 /OUTPUT 2 "y";
v0x56401ce00700_0 .net *"_ivl_1", 1 0, L_0x56401ce10ab0;  1 drivers
v0x56401ce00800_0 .net *"_ivl_3", 1 0, L_0x56401ce10b50;  1 drivers
v0x56401ce008e0_0 .net "i", 3 0, L_0x56401ce10d30;  1 drivers
v0x56401ce009d0_0 .net "s", 0 0, L_0x56401ce10dd0;  1 drivers
v0x56401ce00a90_0 .net "y", 1 0, L_0x56401ce10bf0;  1 drivers
L_0x56401ce10ab0 .part L_0x56401ce10d30, 2, 2;
L_0x56401ce10b50 .part L_0x56401ce10d30, 0, 2;
L_0x56401ce10bf0 .functor MUXZ 2, L_0x56401ce10b50, L_0x56401ce10ab0, L_0x56401ce10dd0, C4<>;
S_0x56401ce00c40 .scope module, "mux2" "mux2x2" 2 53, 2 35 0, S_0x56401ce00220;
 .timescale 0 0;
    .port_info 0 /INPUT 4 "i";
    .port_info 1 /INPUT 1 "s";
    .port_info 2 /OUTPUT 2 "y";
v0x56401ce00e70_0 .net *"_ivl_1", 1 0, L_0x56401ce10ec0;  1 drivers
v0x56401ce00f70_0 .net *"_ivl_3", 1 0, L_0x56401ce10f60;  1 drivers
v0x56401ce01050_0 .net "i", 3 0, L_0x56401ce11190;  1 drivers
v0x56401ce01110_0 .net "s", 0 0, L_0x56401ce11280;  1 drivers
v0x56401ce011d0_0 .net "y", 1 0, L_0x56401ce11050;  1 drivers
L_0x56401ce10ec0 .part L_0x56401ce11190, 2, 2;
L_0x56401ce10f60 .part L_0x56401ce11190, 0, 2;
L_0x56401ce11050 .functor MUXZ 2, L_0x56401ce10f60, L_0x56401ce10ec0, L_0x56401ce11280, C4<>;
S_0x56401ce01380 .scope module, "mux3" "mux2x2" 2 58, 2 35 0, S_0x56401ce00220;
 .timescale 0 0;
    .port_info 0 /INPUT 4 "i";
    .port_info 1 /INPUT 1 "s";
    .port_info 2 /OUTPUT 2 "y";
v0x56401ce015b0_0 .net *"_ivl_1", 1 0, L_0x56401ce11550;  1 drivers
v0x56401ce01690_0 .net *"_ivl_3", 1 0, L_0x56401ce115f0;  1 drivers
v0x56401ce01770_0 .net "i", 3 0, L_0x56401ce113c0;  alias, 1 drivers
v0x56401ce01860_0 .net "s", 0 0, L_0x56401ce11860;  1 drivers
v0x56401ce01920_0 .net "y", 1 0, L_0x56401ce11720;  alias, 1 drivers
L_0x56401ce11550 .part L_0x56401ce113c0, 2, 2;
L_0x56401ce115f0 .part L_0x56401ce113c0, 0, 2;
L_0x56401ce11720 .functor MUXZ 2, L_0x56401ce115f0, L_0x56401ce11550, L_0x56401ce11860, C4<>;
S_0x56401ce01e90 .scope module, "mux2" "mux4x1" 2 75, 2 42 0, S_0x56401cdffff0;
 .timescale 0 0;
    .port_info 0 /INPUT 8 "i";
    .port_info 1 /INPUT 2 "s";
    .port_info 2 /OUTPUT 2 "y";
v0x56401ce03700_0 .net "i", 7 0, L_0x56401ce12a40;  1 drivers
v0x56401ce037e0_0 .net "s", 1 0, L_0x56401ce12b30;  1 drivers
v0x56401ce038c0_0 .net "wm", 3 0, L_0x56401ce12470;  1 drivers
v0x56401ce03990_0 .net "y", 1 0, L_0x56401ce127d0;  1 drivers
L_0x56401ce11de0 .part L_0x56401ce12a40, 0, 4;
L_0x56401ce11e80 .part L_0x56401ce12b30, 0, 1;
L_0x56401ce12240 .part L_0x56401ce12a40, 4, 4;
L_0x56401ce12330 .part L_0x56401ce12b30, 0, 1;
L_0x56401ce12470 .concat8 [ 2 2 0 0], L_0x56401ce11ca0, L_0x56401ce12100;
L_0x56401ce12910 .part L_0x56401ce12b30, 1, 1;
S_0x56401ce020c0 .scope module, "mux1" "mux2x2" 2 48, 2 35 0, S_0x56401ce01e90;
 .timescale 0 0;
    .port_info 0 /INPUT 4 "i";
    .port_info 1 /INPUT 1 "s";
    .port_info 2 /OUTPUT 2 "y";
v0x56401ce02330_0 .net *"_ivl_1", 1 0, L_0x56401ce11b60;  1 drivers
v0x56401ce02430_0 .net *"_ivl_3", 1 0, L_0x56401ce11c00;  1 drivers
v0x56401ce02510_0 .net "i", 3 0, L_0x56401ce11de0;  1 drivers
v0x56401ce02600_0 .net "s", 0 0, L_0x56401ce11e80;  1 drivers
v0x56401ce026c0_0 .net "y", 1 0, L_0x56401ce11ca0;  1 drivers
L_0x56401ce11b60 .part L_0x56401ce11de0, 2, 2;
L_0x56401ce11c00 .part L_0x56401ce11de0, 0, 2;
L_0x56401ce11ca0 .functor MUXZ 2, L_0x56401ce11c00, L_0x56401ce11b60, L_0x56401ce11e80, C4<>;
S_0x56401ce02870 .scope module, "mux2" "mux2x2" 2 53, 2 35 0, S_0x56401ce01e90;
 .timescale 0 0;
    .port_info 0 /INPUT 4 "i";
    .port_info 1 /INPUT 1 "s";
    .port_info 2 /OUTPUT 2 "y";
v0x56401ce02aa0_0 .net *"_ivl_1", 1 0, L_0x56401ce11f70;  1 drivers
v0x56401ce02ba0_0 .net *"_ivl_3", 1 0, L_0x56401ce12010;  1 drivers
v0x56401ce02c80_0 .net "i", 3 0, L_0x56401ce12240;  1 drivers
v0x56401ce02d40_0 .net "s", 0 0, L_0x56401ce12330;  1 drivers
v0x56401ce02e00_0 .net "y", 1 0, L_0x56401ce12100;  1 drivers
L_0x56401ce11f70 .part L_0x56401ce12240, 2, 2;
L_0x56401ce12010 .part L_0x56401ce12240, 0, 2;
L_0x56401ce12100 .functor MUXZ 2, L_0x56401ce12010, L_0x56401ce11f70, L_0x56401ce12330, C4<>;
S_0x56401ce02fb0 .scope module, "mux3" "mux2x2" 2 58, 2 35 0, S_0x56401ce01e90;
 .timescale 0 0;
    .port_info 0 /INPUT 4 "i";
    .port_info 1 /INPUT 1 "s";
    .port_info 2 /OUTPUT 2 "y";
v0x56401ce031e0_0 .net *"_ivl_1", 1 0, L_0x56401ce12600;  1 drivers
v0x56401ce032c0_0 .net *"_ivl_3", 1 0, L_0x56401ce126a0;  1 drivers
v0x56401ce033a0_0 .net "i", 3 0, L_0x56401ce12470;  alias, 1 drivers
v0x56401ce03490_0 .net "s", 0 0, L_0x56401ce12910;  1 drivers
v0x56401ce03550_0 .net "y", 1 0, L_0x56401ce127d0;  alias, 1 drivers
L_0x56401ce12600 .part L_0x56401ce12470, 2, 2;
L_0x56401ce126a0 .part L_0x56401ce12470, 0, 2;
L_0x56401ce127d0 .functor MUXZ 2, L_0x56401ce126a0, L_0x56401ce12600, L_0x56401ce12910, C4<>;
S_0x56401ce03ac0 .scope module, "mux3" "mux2x2" 2 80, 2 35 0, S_0x56401cdffff0;
 .timescale 0 0;
    .port_info 0 /INPUT 4 "i";
    .port_info 1 /INPUT 1 "s";
    .port_info 2 /OUTPUT 2 "y";
v0x56401ce03d20_0 .net *"_ivl_1", 1 0, L_0x56401ce12d50;  1 drivers
v0x56401ce03e00_0 .net *"_ivl_3", 1 0, L_0x56401ce12df0;  1 drivers
v0x56401ce03ee0_0 .net "i", 3 0, L_0x56401ce12c60;  alias, 1 drivers
v0x56401ce03fd0_0 .net "s", 0 0, L_0x56401ce13060;  1 drivers
v0x56401ce04090_0 .net "y", 1 0, L_0x56401ce12f20;  alias, 1 drivers
L_0x56401ce12d50 .part L_0x56401ce12c60, 2, 2;
L_0x56401ce12df0 .part L_0x56401ce12c60, 0, 2;
L_0x56401ce12f20 .functor MUXZ 2, L_0x56401ce12df0, L_0x56401ce12d50, L_0x56401ce13060, C4<>;
S_0x56401ce04600 .scope module, "mux3" "mux2x2" 2 102, 2 35 0, S_0x56401cde2720;
 .timescale 0 0;
    .port_info 0 /INPUT 4 "i";
    .port_info 1 /INPUT 1 "s";
    .port_info 2 /OUTPUT 2 "y";
v0x56401ce04860_0 .net *"_ivl_1", 1 0, L_0x56401ce134a0;  1 drivers
v0x56401ce04940_0 .net *"_ivl_3", 1 0, L_0x56401ce13540;  1 drivers
v0x56401ce04a20_0 .net "i", 3 0, L_0x56401ce133b0;  alias, 1 drivers
v0x56401ce04b10_0 .net "s", 0 0, L_0x56401ce137b0;  1 drivers
v0x56401ce04bd0_0 .net "y", 1 0, L_0x56401ce13670;  alias, 1 drivers
L_0x56401ce134a0 .part L_0x56401ce133b0, 2, 2;
L_0x56401ce13540 .part L_0x56401ce133b0, 0, 2;
L_0x56401ce13670 .functor MUXZ 2, L_0x56401ce13540, L_0x56401ce134a0, L_0x56401ce137b0, C4<>;
S_0x56401cdb8cd0 .scope module, "solucao" "solucao" 2 1;
 .timescale 0 0;
    .port_info 0 /INPUT 1 "m";
    .port_info 1 /INPUT 32 "int";
    .port_info 2 /INPUT 16 "s";
    .port_info 3 /OUTPUT 2 "y";
o0x7f1e596a7798 .functor BUFZ 32, C4<zzzzzzzzzzzzzzzzzzzzzzzzzzzzzzzz>; HiZ drive
v0x56401ce0dbd0_0 .net "int", 31 0, o0x7f1e596a7798;  0 drivers
o0x7f1e596a6928 .functor BUFZ 1, C4<z>; HiZ drive
v0x56401ce0dcb0_0 .net "m", 0 0, o0x7f1e596a6928;  0 drivers
o0x7f1e596a6958 .functor BUFZ 16, C4<zzzzzzzzzzzzzzzz>; HiZ drive
v0x56401ce0dda0_0 .net "s", 15 0, o0x7f1e596a6958;  0 drivers
v0x56401ce0dea0_0 .net "sel", 3 0, L_0x56401ce172f0;  1 drivers
v0x56401ce0df70_0 .var "y", 1 0;
S_0x56401ce05140 .scope module, "u0" "codpri16b" 2 16, 2 25 0, S_0x56401cdb8cd0;
 .timescale 0 0;
    .port_info 0 /INPUT 16 "i";
    .port_info 1 /INPUT 1 "en";
    .port_info 2 /OUTPUT 4 "y";
L_0x56401cdc6710 .functor AND 1, L_0x56401ce14780, o0x7f1e596a6928, C4<1>, C4<1>;
L_0x56401cdbd270 .functor AND 1, L_0x56401ce15a80, o0x7f1e596a6928, C4<1>, C4<1>;
L_0x56401cdc80b0 .functor AND 1, L_0x56401ce17160, o0x7f1e596a6928, C4<1>, C4<1>;
L_0x56401cddf6a0 .functor AND 1, L_0x56401ce19280, o0x7f1e596a6928, C4<1>, C4<1>;
v0x56401ce05390_0 .net *"_ivl_10", 0 0, L_0x56401ce13ce0;  1 drivers
v0x56401ce05490_0 .net *"_ivl_100", 0 0, L_0x56401cdc80b0;  1 drivers
v0x56401ce05570_0 .net *"_ivl_106", 0 0, L_0x56401ce17600;  1 drivers
v0x56401ce05660_0 .net *"_ivl_108", 0 0, L_0x56401ce176a0;  1 drivers
v0x56401ce05740_0 .net *"_ivl_109", 0 0, L_0x56401ce178d0;  1 drivers
v0x56401ce05870_0 .net *"_ivl_112", 0 0, L_0x56401ce17a10;  1 drivers
v0x56401ce05950_0 .net *"_ivl_113", 0 0, L_0x56401ce17c50;  1 drivers
v0x56401ce05a30_0 .net *"_ivl_116", 0 0, L_0x56401ce17d90;  1 drivers
v0x56401ce05b10_0 .net *"_ivl_117", 0 0, L_0x56401ce17fe0;  1 drivers
v0x56401ce05bf0_0 .net *"_ivl_120", 0 0, L_0x56401ce18120;  1 drivers
v0x56401ce05cd0_0 .net *"_ivl_121", 0 0, L_0x56401ce18380;  1 drivers
v0x56401ce05db0_0 .net *"_ivl_124", 0 0, L_0x56401ce184c0;  1 drivers
v0x56401ce05e90_0 .net *"_ivl_125", 0 0, L_0x56401ce18730;  1 drivers
v0x56401ce05f70_0 .net *"_ivl_128", 0 0, L_0x56401ce18870;  1 drivers
v0x56401ce06050_0 .net *"_ivl_129", 0 0, L_0x56401ce18f00;  1 drivers
v0x56401ce06130_0 .net *"_ivl_13", 0 0, L_0x56401ce13dd0;  1 drivers
v0x56401ce06210_0 .net *"_ivl_132", 0 0, L_0x56401ce18ff0;  1 drivers
v0x56401ce06400_0 .net *"_ivl_133", 0 0, L_0x56401ce19280;  1 drivers
v0x56401ce064e0_0 .net *"_ivl_135", 0 0, L_0x56401cddf6a0;  1 drivers
v0x56401ce065c0_0 .net *"_ivl_14", 0 0, L_0x56401ce13eb0;  1 drivers
v0x56401ce066a0_0 .net *"_ivl_17", 0 0, L_0x56401ce13ff0;  1 drivers
v0x56401ce06780_0 .net *"_ivl_18", 0 0, L_0x56401ce140e0;  1 drivers
v0x56401ce06860_0 .net *"_ivl_21", 0 0, L_0x56401ce14220;  1 drivers
v0x56401ce06940_0 .net *"_ivl_22", 0 0, L_0x56401ce14320;  1 drivers
v0x56401ce06a20_0 .net *"_ivl_25", 0 0, L_0x56401ce14410;  1 drivers
v0x56401ce06b00_0 .net *"_ivl_26", 0 0, L_0x56401ce14520;  1 drivers
v0x56401ce06be0_0 .net *"_ivl_29", 0 0, L_0x56401ce14660;  1 drivers
v0x56401ce06cc0_0 .net *"_ivl_3", 0 0, L_0x56401ce138e0;  1 drivers
v0x56401ce06da0_0 .net *"_ivl_30", 0 0, L_0x56401ce14780;  1 drivers
v0x56401ce06e80_0 .net *"_ivl_32", 0 0, L_0x56401cdc6710;  1 drivers
v0x56401ce06f60_0 .net *"_ivl_37", 0 0, L_0x56401ce14960;  1 drivers
v0x56401ce07040_0 .net *"_ivl_39", 0 0, L_0x56401ce14a90;  1 drivers
v0x56401ce07120_0 .net *"_ivl_40", 0 0, L_0x56401ce14b30;  1 drivers
v0x56401ce07410_0 .net *"_ivl_43", 0 0, L_0x56401ce14d10;  1 drivers
v0x56401ce074f0_0 .net *"_ivl_44", 0 0, L_0x56401ce14db0;  1 drivers
v0x56401ce075d0_0 .net *"_ivl_47", 0 0, L_0x56401ce14c70;  1 drivers
v0x56401ce076b0_0 .net *"_ivl_48", 0 0, L_0x56401ce14fa0;  1 drivers
v0x56401ce07790_0 .net *"_ivl_5", 0 0, L_0x56401ce139d0;  1 drivers
v0x56401ce07870_0 .net *"_ivl_51", 0 0, L_0x56401ce151a0;  1 drivers
v0x56401ce07950_0 .net *"_ivl_52", 0 0, L_0x56401ce15240;  1 drivers
v0x56401ce07a30_0 .net *"_ivl_55", 0 0, L_0x56401ce15450;  1 drivers
v0x56401ce07b10_0 .net *"_ivl_56", 0 0, L_0x56401ce154f0;  1 drivers
v0x56401ce07bf0_0 .net *"_ivl_59", 0 0, L_0x56401ce15710;  1 drivers
v0x56401ce07cd0_0 .net *"_ivl_6", 0 0, L_0x56401ce13a70;  1 drivers
v0x56401ce07db0_0 .net *"_ivl_60", 0 0, L_0x56401ce157b0;  1 drivers
v0x56401ce07e90_0 .net *"_ivl_63", 0 0, L_0x56401ce159e0;  1 drivers
v0x56401ce07f70_0 .net *"_ivl_64", 0 0, L_0x56401ce15a80;  1 drivers
v0x56401ce08050_0 .net *"_ivl_66", 0 0, L_0x56401cdbd270;  1 drivers
v0x56401ce08130_0 .net *"_ivl_71", 0 0, L_0x56401ce15d10;  1 drivers
v0x56401ce08210_0 .net *"_ivl_73", 0 0, L_0x56401ce15db0;  1 drivers
v0x56401ce082f0_0 .net *"_ivl_74", 0 0, L_0x56401ce15f60;  1 drivers
v0x56401ce083d0_0 .net *"_ivl_77", 0 0, L_0x56401ce160a0;  1 drivers
v0x56401ce084b0_0 .net *"_ivl_78", 0 0, L_0x56401ce16260;  1 drivers
v0x56401ce08590_0 .net *"_ivl_81", 0 0, L_0x56401ce163a0;  1 drivers
v0x56401ce08670_0 .net *"_ivl_82", 0 0, L_0x56401ce16140;  1 drivers
v0x56401ce08750_0 .net *"_ivl_85", 0 0, L_0x56401ce165c0;  1 drivers
v0x56401ce08830_0 .net *"_ivl_86", 0 0, L_0x56401ce167a0;  1 drivers
v0x56401ce08910_0 .net *"_ivl_89", 0 0, L_0x56401ce168e0;  1 drivers
v0x56401ce089f0_0 .net *"_ivl_9", 0 0, L_0x56401ce13bb0;  1 drivers
v0x56401ce08ad0_0 .net *"_ivl_90", 0 0, L_0x56401ce16ad0;  1 drivers
v0x56401ce08bb0_0 .net *"_ivl_93", 0 0, L_0x56401ce16c10;  1 drivers
v0x56401ce08c90_0 .net *"_ivl_94", 0 0, L_0x56401ce16e10;  1 drivers
v0x56401ce08d70_0 .net *"_ivl_97", 0 0, L_0x56401ce16f50;  1 drivers
v0x56401ce08e50_0 .net *"_ivl_98", 0 0, L_0x56401ce17160;  1 drivers
v0x56401ce08f30_0 .net "en", 0 0, o0x7f1e596a6928;  alias, 0 drivers
v0x56401ce09400_0 .net "i", 15 0, o0x7f1e596a6958;  alias, 0 drivers
v0x56401ce094e0_0 .net "y", 3 0, L_0x56401ce172f0;  alias, 1 drivers
L_0x56401ce138e0 .part o0x7f1e596a6958, 15, 1;
L_0x56401ce139d0 .part o0x7f1e596a6958, 14, 1;
L_0x56401ce13a70 .arith/sum 1, L_0x56401ce138e0, L_0x56401ce139d0;
L_0x56401ce13bb0 .part o0x7f1e596a6958, 13, 1;
L_0x56401ce13ce0 .arith/sum 1, L_0x56401ce13a70, L_0x56401ce13bb0;
L_0x56401ce13dd0 .part o0x7f1e596a6958, 12, 1;
L_0x56401ce13eb0 .arith/sum 1, L_0x56401ce13ce0, L_0x56401ce13dd0;
L_0x56401ce13ff0 .part o0x7f1e596a6958, 11, 1;
L_0x56401ce140e0 .arith/sum 1, L_0x56401ce13eb0, L_0x56401ce13ff0;
L_0x56401ce14220 .part o0x7f1e596a6958, 10, 1;
L_0x56401ce14320 .arith/sum 1, L_0x56401ce140e0, L_0x56401ce14220;
L_0x56401ce14410 .part o0x7f1e596a6958, 9, 1;
L_0x56401ce14520 .arith/sum 1, L_0x56401ce14320, L_0x56401ce14410;
L_0x56401ce14660 .part o0x7f1e596a6958, 8, 1;
L_0x56401ce14780 .arith/sum 1, L_0x56401ce14520, L_0x56401ce14660;
L_0x56401ce14960 .part o0x7f1e596a6958, 15, 1;
L_0x56401ce14a90 .part o0x7f1e596a6958, 14, 1;
L_0x56401ce14b30 .arith/sum 1, L_0x56401ce14960, L_0x56401ce14a90;
L_0x56401ce14d10 .part o0x7f1e596a6958, 13, 1;
L_0x56401ce14db0 .arith/sum 1, L_0x56401ce14b30, L_0x56401ce14d10;
L_0x56401ce14c70 .part o0x7f1e596a6958, 12, 1;
L_0x56401ce14fa0 .arith/sum 1, L_0x56401ce14db0, L_0x56401ce14c70;
L_0x56401ce151a0 .part o0x7f1e596a6958, 7, 1;
L_0x56401ce15240 .arith/sum 1, L_0x56401ce14fa0, L_0x56401ce151a0;
L_0x56401ce15450 .part o0x7f1e596a6958, 6, 1;
L_0x56401ce154f0 .arith/sum 1, L_0x56401ce15240, L_0x56401ce15450;
L_0x56401ce15710 .part o0x7f1e596a6958, 5, 1;
L_0x56401ce157b0 .arith/sum 1, L_0x56401ce154f0, L_0x56401ce15710;
L_0x56401ce159e0 .part o0x7f1e596a6958, 4, 1;
L_0x56401ce15a80 .arith/sum 1, L_0x56401ce157b0, L_0x56401ce159e0;
L_0x56401ce15d10 .part o0x7f1e596a6958, 15, 1;
L_0x56401ce15db0 .part o0x7f1e596a6958, 14, 1;
L_0x56401ce15f60 .arith/sum 1, L_0x56401ce15d10, L_0x56401ce15db0;
L_0x56401ce160a0 .part o0x7f1e596a6958, 11, 1;
L_0x56401ce16260 .arith/sum 1, L_0x56401ce15f60, L_0x56401ce160a0;
L_0x56401ce163a0 .part o0x7f1e596a6958, 10, 1;
L_0x56401ce16140 .arith/sum 1, L_0x56401ce16260, L_0x56401ce163a0;
L_0x56401ce165c0 .part o0x7f1e596a6958, 7, 1;
L_0x56401ce167a0 .arith/sum 1, L_0x56401ce16140, L_0x56401ce165c0;
L_0x56401ce168e0 .part o0x7f1e596a6958, 6, 1;
L_0x56401ce16ad0 .arith/sum 1, L_0x56401ce167a0, L_0x56401ce168e0;
L_0x56401ce16c10 .part o0x7f1e596a6958, 3, 1;
L_0x56401ce16e10 .arith/sum 1, L_0x56401ce16ad0, L_0x56401ce16c10;
L_0x56401ce16f50 .part o0x7f1e596a6958, 2, 1;
L_0x56401ce17160 .arith/sum 1, L_0x56401ce16e10, L_0x56401ce16f50;
L_0x56401ce172f0 .concat8 [ 1 1 1 1], L_0x56401cddf6a0, L_0x56401cdc80b0, L_0x56401cdbd270, L_0x56401cdc6710;
L_0x56401ce17600 .part o0x7f1e596a6958, 15, 1;
L_0x56401ce176a0 .part o0x7f1e596a6958, 13, 1;
L_0x56401ce178d0 .arith/sum 1, L_0x56401ce17600, L_0x56401ce176a0;
L_0x56401ce17a10 .part o0x7f1e596a6958, 11, 1;
L_0x56401ce17c50 .arith/sum 1, L_0x56401ce178d0, L_0x56401ce17a10;
L_0x56401ce17d90 .part o0x7f1e596a6958, 9, 1;
L_0x56401ce17fe0 .arith/sum 1, L_0x56401ce17c50, L_0x56401ce17d90;
L_0x56401ce18120 .part o0x7f1e596a6958, 7, 1;
L_0x56401ce18380 .arith/sum 1, L_0x56401ce17fe0, L_0x56401ce18120;
L_0x56401ce184c0 .part o0x7f1e596a6958, 5, 1;
L_0x56401ce18730 .arith/sum 1, L_0x56401ce18380, L_0x56401ce184c0;
L_0x56401ce18870 .part o0x7f1e596a6958, 3, 1;
L_0x56401ce18f00 .arith/sum 1, L_0x56401ce18730, L_0x56401ce18870;
L_0x56401ce18ff0 .part o0x7f1e596a6958, 1, 1;
L_0x56401ce19280 .arith/sum 1, L_0x56401ce18f00, L_0x56401ce18ff0;
S_0x56401ce09640 .scope module, "u1" "mux8x1" 2 21, 2 64 0, S_0x56401cdb8cd0;
 .timescale 0 0;
    .port_info 0 /INPUT 16 "i";
    .port_info 1 /INPUT 3 "s";
    .port_info 2 /OUTPUT 2 "y";
o0x7f1e596a76a8 .functor BUFZ 16, C4<zzzzzzzzzzzzzzzz>; HiZ drive
v0x56401ce0d810_0 .net "i", 15 0, o0x7f1e596a76a8;  0 drivers
o0x7f1e596a76d8 .functor BUFZ 3, C4<zzz>; HiZ drive
v0x56401ce0d8f0_0 .net "s", 2 0, o0x7f1e596a76d8;  0 drivers
v0x56401ce0d9d0_0 .net "wm", 3 0, L_0x56401ce1b5d0;  1 drivers
v0x56401ce0daa0_0 .net "y", 1 0, L_0x56401ce1b890;  1 drivers
L_0x56401ce1a300 .part o0x7f1e596a76a8, 0, 8;
L_0x56401ce1a3a0 .part o0x7f1e596a76d8, 0, 2;
L_0x56401ce1b3b0 .part o0x7f1e596a76a8, 8, 8;
L_0x56401ce1b4a0 .part o0x7f1e596a76d8, 0, 2;
L_0x56401ce1b5d0 .concat8 [ 2 2 0 0], L_0x56401ce1a090, L_0x56401ce1b140;
L_0x56401ce1b9d0 .part o0x7f1e596a76d8, 2, 1;
S_0x56401ce09820 .scope module, "mux1" "mux4x1" 2 70, 2 42 0, S_0x56401ce09640;
 .timescale 0 0;
    .port_info 0 /INPUT 8 "i";
    .port_info 1 /INPUT 2 "s";
    .port_info 2 /OUTPUT 2 "y";
v0x56401ce0b0a0_0 .net "i", 7 0, L_0x56401ce1a300;  1 drivers
v0x56401ce0b180_0 .net "s", 1 0, L_0x56401ce1a3a0;  1 drivers
v0x56401ce0b260_0 .net "wm", 3 0, L_0x56401ce19dc0;  1 drivers
v0x56401ce0b330_0 .net "y", 1 0, L_0x56401ce1a090;  1 drivers
L_0x56401ce19730 .part L_0x56401ce1a300, 0, 4;
L_0x56401ce197d0 .part L_0x56401ce1a3a0, 0, 1;
L_0x56401ce19b90 .part L_0x56401ce1a300, 4, 4;
L_0x56401ce19c80 .part L_0x56401ce1a3a0, 0, 1;
L_0x56401ce19dc0 .concat8 [ 2 2 0 0], L_0x56401ce195f0, L_0x56401ce19a50;
L_0x56401ce1a1d0 .part L_0x56401ce1a3a0, 1, 1;
S_0x56401ce09a90 .scope module, "mux1" "mux2x2" 2 48, 2 35 0, S_0x56401ce09820;
 .timescale 0 0;
    .port_info 0 /INPUT 4 "i";
    .port_info 1 /INPUT 1 "s";
    .port_info 2 /OUTPUT 2 "y";
v0x56401ce09d00_0 .net *"_ivl_1", 1 0, L_0x56401ce19460;  1 drivers
v0x56401ce09e00_0 .net *"_ivl_3", 1 0, L_0x56401ce19500;  1 drivers
v0x56401ce09ee0_0 .net "i", 3 0, L_0x56401ce19730;  1 drivers
v0x56401ce09fa0_0 .net "s", 0 0, L_0x56401ce197d0;  1 drivers
v0x56401ce0a060_0 .net "y", 1 0, L_0x56401ce195f0;  1 drivers
L_0x56401ce19460 .part L_0x56401ce19730, 2, 2;
L_0x56401ce19500 .part L_0x56401ce19730, 0, 2;
L_0x56401ce195f0 .functor MUXZ 2, L_0x56401ce19500, L_0x56401ce19460, L_0x56401ce197d0, C4<>;
S_0x56401ce0a210 .scope module, "mux2" "mux2x2" 2 53, 2 35 0, S_0x56401ce09820;
 .timescale 0 0;
    .port_info 0 /INPUT 4 "i";
    .port_info 1 /INPUT 1 "s";
    .port_info 2 /OUTPUT 2 "y";
v0x56401ce0a440_0 .net *"_ivl_1", 1 0, L_0x56401ce198c0;  1 drivers
v0x56401ce0a540_0 .net *"_ivl_3", 1 0, L_0x56401ce19960;  1 drivers
v0x56401ce0a620_0 .net "i", 3 0, L_0x56401ce19b90;  1 drivers
v0x56401ce0a6e0_0 .net "s", 0 0, L_0x56401ce19c80;  1 drivers
v0x56401ce0a7a0_0 .net "y", 1 0, L_0x56401ce19a50;  1 drivers
L_0x56401ce198c0 .part L_0x56401ce19b90, 2, 2;
L_0x56401ce19960 .part L_0x56401ce19b90, 0, 2;
L_0x56401ce19a50 .functor MUXZ 2, L_0x56401ce19960, L_0x56401ce198c0, L_0x56401ce19c80, C4<>;
S_0x56401ce0a950 .scope module, "mux3" "mux2x2" 2 58, 2 35 0, S_0x56401ce09820;
 .timescale 0 0;
    .port_info 0 /INPUT 4 "i";
    .port_info 1 /INPUT 1 "s";
    .port_info 2 /OUTPUT 2 "y";
v0x56401ce0ab80_0 .net *"_ivl_1", 1 0, L_0x56401ce19f50;  1 drivers
v0x56401ce0ac60_0 .net *"_ivl_3", 1 0, L_0x56401ce19ff0;  1 drivers
v0x56401ce0ad40_0 .net "i", 3 0, L_0x56401ce19dc0;  alias, 1 drivers
v0x56401ce0ae30_0 .net "s", 0 0, L_0x56401ce1a1d0;  1 drivers
v0x56401ce0aef0_0 .net "y", 1 0, L_0x56401ce1a090;  alias, 1 drivers
L_0x56401ce19f50 .part L_0x56401ce19dc0, 2, 2;
L_0x56401ce19ff0 .part L_0x56401ce19dc0, 0, 2;
L_0x56401ce1a090 .functor MUXZ 2, L_0x56401ce19ff0, L_0x56401ce19f50, L_0x56401ce1a1d0, C4<>;
S_0x56401ce0b460 .scope module, "mux2" "mux4x1" 2 75, 2 42 0, S_0x56401ce09640;
 .timescale 0 0;
    .port_info 0 /INPUT 8 "i";
    .port_info 1 /INPUT 2 "s";
    .port_info 2 /OUTPUT 2 "y";
v0x56401ce0ccd0_0 .net "i", 7 0, L_0x56401ce1b3b0;  1 drivers
v0x56401ce0cdb0_0 .net "s", 1 0, L_0x56401ce1b4a0;  1 drivers
v0x56401ce0ce90_0 .net "wm", 3 0, L_0x56401ce1ade0;  1 drivers
v0x56401ce0cf60_0 .net "y", 1 0, L_0x56401ce1b140;  1 drivers
L_0x56401ce1a750 .part L_0x56401ce1b3b0, 0, 4;
L_0x56401ce1a7f0 .part L_0x56401ce1b4a0, 0, 1;
L_0x56401ce1abb0 .part L_0x56401ce1b3b0, 4, 4;
L_0x56401ce1aca0 .part L_0x56401ce1b4a0, 0, 1;
L_0x56401ce1ade0 .concat8 [ 2 2 0 0], L_0x56401ce1a610, L_0x56401ce1aa70;
L_0x56401ce1b280 .part L_0x56401ce1b4a0, 1, 1;
S_0x56401ce0b690 .scope module, "mux1" "mux2x2" 2 48, 2 35 0, S_0x56401ce0b460;
 .timescale 0 0;
    .port_info 0 /INPUT 4 "i";
    .port_info 1 /INPUT 1 "s";
    .port_info 2 /OUTPUT 2 "y";
v0x56401ce0b900_0 .net *"_ivl_1", 1 0, L_0x56401ce1a4d0;  1 drivers
v0x56401ce0ba00_0 .net *"_ivl_3", 1 0, L_0x56401ce1a570;  1 drivers
v0x56401ce0bae0_0 .net "i", 3 0, L_0x56401ce1a750;  1 drivers
v0x56401ce0bbd0_0 .net "s", 0 0, L_0x56401ce1a7f0;  1 drivers
v0x56401ce0bc90_0 .net "y", 1 0, L_0x56401ce1a610;  1 drivers
L_0x56401ce1a4d0 .part L_0x56401ce1a750, 2, 2;
L_0x56401ce1a570 .part L_0x56401ce1a750, 0, 2;
L_0x56401ce1a610 .functor MUXZ 2, L_0x56401ce1a570, L_0x56401ce1a4d0, L_0x56401ce1a7f0, C4<>;
S_0x56401ce0be40 .scope module, "mux2" "mux2x2" 2 53, 2 35 0, S_0x56401ce0b460;
 .timescale 0 0;
    .port_info 0 /INPUT 4 "i";
    .port_info 1 /INPUT 1 "s";
    .port_info 2 /OUTPUT 2 "y";
v0x56401ce0c070_0 .net *"_ivl_1", 1 0, L_0x56401ce1a8e0;  1 drivers
v0x56401ce0c170_0 .net *"_ivl_3", 1 0, L_0x56401ce1a980;  1 drivers
v0x56401ce0c250_0 .net "i", 3 0, L_0x56401ce1abb0;  1 drivers
v0x56401ce0c310_0 .net "s", 0 0, L_0x56401ce1aca0;  1 drivers
v0x56401ce0c3d0_0 .net "y", 1 0, L_0x56401ce1aa70;  1 drivers
L_0x56401ce1a8e0 .part L_0x56401ce1abb0, 2, 2;
L_0x56401ce1a980 .part L_0x56401ce1abb0, 0, 2;
L_0x56401ce1aa70 .functor MUXZ 2, L_0x56401ce1a980, L_0x56401ce1a8e0, L_0x56401ce1aca0, C4<>;
S_0x56401ce0c580 .scope module, "mux3" "mux2x2" 2 58, 2 35 0, S_0x56401ce0b460;
 .timescale 0 0;
    .port_info 0 /INPUT 4 "i";
    .port_info 1 /INPUT 1 "s";
    .port_info 2 /OUTPUT 2 "y";
v0x56401ce0c7b0_0 .net *"_ivl_1", 1 0, L_0x56401ce1af70;  1 drivers
v0x56401ce0c890_0 .net *"_ivl_3", 1 0, L_0x56401ce1b010;  1 drivers
v0x56401ce0c970_0 .net "i", 3 0, L_0x56401ce1ade0;  alias, 1 drivers
v0x56401ce0ca60_0 .net "s", 0 0, L_0x56401ce1b280;  1 drivers
v0x56401ce0cb20_0 .net "y", 1 0, L_0x56401ce1b140;  alias, 1 drivers
L_0x56401ce1af70 .part L_0x56401ce1ade0, 2, 2;
L_0x56401ce1b010 .part L_0x56401ce1ade0, 0, 2;
L_0x56401ce1b140 .functor MUXZ 2, L_0x56401ce1b010, L_0x56401ce1af70, L_0x56401ce1b280, C4<>;
S_0x56401ce0d090 .scope module, "mux3" "mux2x2" 2 80, 2 35 0, S_0x56401ce09640;
 .timescale 0 0;
    .port_info 0 /INPUT 4 "i";
    .port_info 1 /INPUT 1 "s";
    .port_info 2 /OUTPUT 2 "y";
v0x56401ce0d2f0_0 .net *"_ivl_1", 1 0, L_0x56401ce1b6c0;  1 drivers
v0x56401ce0d3d0_0 .net *"_ivl_3", 1 0, L_0x56401ce1b760;  1 drivers
v0x56401ce0d4b0_0 .net "i", 3 0, L_0x56401ce1b5d0;  alias, 1 drivers
v0x56401ce0d5a0_0 .net "s", 0 0, L_0x56401ce1b9d0;  1 drivers
v0x56401ce0d660_0 .net "y", 1 0, L_0x56401ce1b890;  alias, 1 drivers
L_0x56401ce1b6c0 .part L_0x56401ce1b5d0, 2, 2;
L_0x56401ce1b760 .part L_0x56401ce1b5d0, 0, 2;
L_0x56401ce1b890 .functor MUXZ 2, L_0x56401ce1b760, L_0x56401ce1b6c0, L_0x56401ce1b9d0, C4<>;
# The file index is used to find the file name in the following table.
:file_names 3;
    "N/A";
    "<interactive>";
    "desafio.v";
